INFO  2019-04-03 08:50:53,382 (Saros.java:220) Starting Saros 14.10.31 running:
  Java Version: 1.8.0_201
  Java Vendor: Oracle Corporation
  Eclipse Runtime Version: 3.12.0.v20160606-1342
  Operating System: Windows 10 (10.0)
  Hardware Architecture: amd64
INFO  2019-04-03 08:50:53,430 (SarosContext.java:153) creating Saros runtime context...
DEBUG 2019-04-03 08:50:53,491 (XMPPAccountStore.java:117) loading accounts from file: C:\Users\ANDER\.saros\config.dat
DEBUG 2019-04-03 08:50:53,832 (XMPPAccountStore.java:176) loaded 1 account(s)
INFO  2019-04-03 08:50:54,034 (SarosContext.java:199) successfully created Saros runtime context
DEBUG 2019-04-03 08:50:54,067 (DataTransferManager.java:467) used transport order for the current XMPP connection: [XMPP-Socks5-Transport, XMPP-IBB-Transport]
INFO  2019-04-03 08:50:54,097 (PreferenceInitializer.java:50) initializing preference default values
DEBUG 2019-04-03 08:50:54,150 (SarosAnnotation.java:117) resetting annotation colors
DEBUG 2019-04-03 08:50:54,156 (Saros.java:430) skipping conversion of old XMPP accounts, because there are already new ones
DEBUG 2019-04-03 08:50:59,793 (SharedDocumentProvider.java:77) SharedDocumentProvider created by Eclipse
DEBUG 2019-04-03 08:51:07,825 (WhiteboardManager.java:194) WhiteboardManager instantiated
DEBUG 2019-04-03 08:51:07,910 (DocumentRecord.java:93) Added Node: attr(155427786788321010) name=svg
DEBUG 2019-04-03 08:51:08,183 (XMPPConnectionService.java:439) started Socks5 proxy on port: 7777 [listening on all interfaces]
DEBUG 2019-04-03 08:51:09,426 (XMPPConnectionService.java:459) using autodetected addresses: [10.109.209.212, fe80:0:0:0:708f:1a65:98e3:a1df%wlan0]
DEBUG 2019-04-03 08:51:09,450 (XMPPConnectionService.java:398)  new connection state == CONNECTING
DEBUG 2019-04-03 08:51:10,979 (XMPPConnectionService.java:398) ander@saros-con.imp.fu-berlin.de/Saros new connection state == CONNECTED
DEBUG 2019-04-03 08:51:10,979 (DataTransferManager.java:467) used transport order for the current XMPP connection: [XMPP-Socks5-Transport, XMPP-IBB-Transport]
DEBUG 2019-04-03 08:51:10,984 (SkypeManager.java:289) Refreshing Skype username cache...
WARN  2019-04-03 08:51:19,758 (StunServiceImpl.java:420) received no response from STUN server stunserver.org/67.227.226.240:3478 at local address /10.109.209.212:0
DEBUG 2019-04-03 08:55:50,672 (DiscoveryManager.java:382) Inserted DiscoveryInfo into Cache for: adei@saros-con.imp.fu-berlin.de/Saros
DEBUG 2019-04-03 09:00:57,485 (DiscoveryManager.java:98) clearing cache entry of contact adei@saros-con.imp.fu-berlin.de/Saros: <query xmlns="http://jabber.org/protocol/disco#info"><identity category="client" name="Smack" type="pc"/><feature var="http://jabber.org/protocol/disco#items"/><feature var="urn:xmpp:ping"/><feature var="jabber:iq:last"/><feature var="http://jabber.org/protocol/commands"/><feature var="http://jabber.org/protocol/muc"/><feature var="http://jabber.org/protocol/bytestreams"/><feature var="http://jabber.org/protocol/xhtml-im"/><feature var="de.fu_berlin.inf.dpp"/><feature var="http://jabber.org/protocol/chatstates"/><feature var="http://jabber.org/protocol/disco#info"/></query>
DEBUG 2019-04-03 09:01:50,274 (DiscoveryManager.java:382) Inserted DiscoveryInfo into Cache for: adei@saros-con.imp.fu-berlin.de/Saros
DEBUG 2019-04-03 10:11:45,013 (XMPPConnectionService.java:398) ander@saros-con.imp.fu-berlin.de/Saros new connection state == DISCONNECTING
DEBUG 2019-04-03 10:11:45,167 (XMPPConnectionService.java:398)  new connection state == NOT_CONNECTED
DEBUG 2019-04-03 10:11:45,168 (UPnPServiceImpl.java:295) deleting existing port mappings
