INFO  2019-03-20 09:35:30,432 (Saros.java:220) Starting Saros 14.10.31 running:
  Java Version: 1.8.0_201
  Java Vendor: Oracle Corporation
  Eclipse Runtime Version: 3.12.0.v20160606-1342
  Operating System: Windows 10 (10.0)
  Hardware Architecture: amd64
INFO  2019-03-20 09:35:30,562 (SarosContext.java:153) creating Saros runtime context...
DEBUG 2019-03-20 09:35:30,728 (XMPPAccountStore.java:117) loading accounts from file: C:\Users\ANDER\.saros\config.dat
DEBUG 2019-03-20 09:35:32,264 (XMPPAccountStore.java:176) loaded 1 account(s)
INFO  2019-03-20 09:35:32,642 (SarosContext.java:199) successfully created Saros runtime context
DEBUG 2019-03-20 09:35:32,707 (DataTransferManager.java:467) used transport order for the current XMPP connection: [XMPP-Socks5-Transport, XMPP-IBB-Transport]
INFO  2019-03-20 09:35:32,768 (PreferenceInitializer.java:50) initializing preference default values
DEBUG 2019-03-20 09:35:32,876 (SarosAnnotation.java:117) resetting annotation colors
DEBUG 2019-03-20 09:35:32,892 (Saros.java:264) autogenerated favorite color id is: 4
DEBUG 2019-03-20 09:35:32,893 (Saros.java:430) skipping conversion of old XMPP accounts, because there are already new ones
DEBUG 2019-03-20 09:35:48,138 (SharedDocumentProvider.java:77) SharedDocumentProvider created by Eclipse
DEBUG 2019-03-20 09:36:00,392 (WhiteboardManager.java:194) WhiteboardManager instantiated
DEBUG 2019-03-20 09:36:00,424 (DocumentRecord.java:93) Added Node: attr(155307096041674047) name=svg
DEBUG 2019-03-20 09:36:01,033 (XMPPConnectionService.java:439) started Socks5 proxy on port: 7777 [listening on all interfaces]
DEBUG 2019-03-20 09:36:03,693 (XMPPConnectionService.java:459) using autodetected addresses: [10.109.209.212, fe80:0:0:0:708f:1a65:98e3:a1df%wlan0]
DEBUG 2019-03-20 09:36:03,861 (XMPPConnectionService.java:398)  new connection state == CONNECTING
DEBUG 2019-03-20 09:36:05,439 (XMPPConnectionService.java:398) ander@saros-con.imp.fu-berlin.de/Saros new connection state == CONNECTED
DEBUG 2019-03-20 09:36:05,440 (DataTransferManager.java:467) used transport order for the current XMPP connection: [XMPP-Socks5-Transport, XMPP-IBB-Transport]
DEBUG 2019-03-20 09:36:05,445 (SkypeManager.java:289) Refreshing Skype username cache...
WARN  2019-03-20 09:36:14,930 (StunServiceImpl.java:420) received no response from STUN server stunserver.org/67.227.226.240:3478 at local address /10.109.209.212:0
DEBUG 2019-03-20 09:36:52,850 (XMPPConnectionService.java:398) ander@saros-con.imp.fu-berlin.de/Saros new connection state == DISCONNECTING
DEBUG 2019-03-20 09:36:53,010 (XMPPConnectionService.java:398)  new connection state == NOT_CONNECTED
DEBUG 2019-03-20 09:36:53,011 (UPnPServiceImpl.java:295) deleting existing port mappings
