INFO  2019-03-13 10:44:28,250 (Saros.java:220) Starting Saros 14.10.31 running:
  Java Version: 1.8.0_201
  Java Vendor: Oracle Corporation
  Eclipse Runtime Version: 3.12.0.v20160606-1342
  Operating System: Windows 10 (10.0)
  Hardware Architecture: amd64
INFO  2019-03-13 10:44:28,307 (SarosContext.java:153) creating Saros runtime context...
DEBUG 2019-03-13 10:44:28,363 (XMPPAccountStore.java:117) loading accounts from file: C:\Users\ANDER\.saros\config.dat
DEBUG 2019-03-13 10:44:28,690 (XMPPAccountStore.java:176) loaded 1 account(s)
INFO  2019-03-13 10:44:28,892 (SarosContext.java:199) successfully created Saros runtime context
DEBUG 2019-03-13 10:44:28,909 (DataTransferManager.java:467) used transport order for the current XMPP connection: [XMPP-Socks5-Transport, XMPP-IBB-Transport]
INFO  2019-03-13 10:44:28,946 (PreferenceInitializer.java:50) initializing preference default values
DEBUG 2019-03-13 10:44:29,011 (SarosAnnotation.java:117) resetting annotation colors
DEBUG 2019-03-13 10:44:29,022 (Saros.java:430) skipping conversion of old XMPP accounts, because there are already new ones
DEBUG 2019-03-13 10:44:39,231 (WhiteboardManager.java:194) WhiteboardManager instantiated
DEBUG 2019-03-13 10:44:39,283 (DocumentRecord.java:93) Added Node: attr(155247027927676025) name=svg
DEBUG 2019-03-13 10:44:39,473 (XMPPConnectionService.java:439) started Socks5 proxy on port: 7777 [listening on all interfaces]
DEBUG 2019-03-13 10:44:40,738 (XMPPConnectionService.java:459) using autodetected addresses: [10.109.209.212, fe80:0:0:0:708f:1a65:98e3:a1df%wlan0]
DEBUG 2019-03-13 10:44:40,748 (XMPPConnectionService.java:398)  new connection state == CONNECTING
DEBUG 2019-03-13 10:44:42,307 (XMPPConnectionService.java:398) ander@saros-con.imp.fu-berlin.de/Saros new connection state == CONNECTED
DEBUG 2019-03-13 10:44:42,307 (DataTransferManager.java:467) used transport order for the current XMPP connection: [XMPP-Socks5-Transport, XMPP-IBB-Transport]
DEBUG 2019-03-13 10:44:42,312 (SkypeManager.java:289) Refreshing Skype username cache...
DEBUG 2019-03-13 10:44:43,149 (DiscoveryManager.java:382) Inserted DiscoveryInfo into Cache for: adei@saros-con.imp.fu-berlin.de/Saros
WARN  2019-03-13 10:44:50,979 (StunServiceImpl.java:420) received no response from STUN server stunserver.org/67.227.226.240:3478 at local address /10.109.209.212:0
INFO  2019-03-13 10:48:48,469 (StatisticManager.java:184) Current feedback settings:
  Feedback disabled: false
  Feedback interval: 5
  Statistic submission allowed: false
  Pseudonym submission allowed: false
INFO  2019-03-13 10:48:48,485 (ErrorLogManager.java:257) Current error log settings:
  Error log submission allowed: false
  Full Error log submission allowed: false
INFO  2019-03-13 10:48:48,699 (StatisticManager.java:163) Session count: 1
INFO  2019-03-13 10:48:48,700 (ParticipantCollector.java:134) Session started: Current number of participants: 1
DEBUG 2019-03-13 10:48:48,705 (XStreamExtensionProvider.java:149) Registering new converter of class de.fu_berlin.inf.dpp.misc.xstream.SPathConverter
DEBUG 2019-03-13 10:48:48,709 (XStreamExtensionProvider.java:194) Registering new converter of class de.fu_berlin.inf.dpp.misc.xstream.UserConverter
DEBUG 2019-03-13 10:48:48,743 (ActivityHandler.java:89) activity dispatcher started
DEBUG 2019-03-13 10:48:48,842 (WhiteboardManager.java:104) Skip Whiteboard preparation because session host has no Whiteboard
DEBUG 2019-03-13 10:48:48,845 (ConsistencyAction.java:173) Inconsistency indicator goes: off
DEBUG 2019-03-13 10:48:48,846 (SarosProjectMapper.java:179) added project de.fu_berlin.inf.dpp.filesystem.EclipseProjectImpl@2d9e7c1 - P/adei with ID 500259781 [completely shared:true]
DEBUG 2019-03-13 10:48:48,883 (MultiUserChatService.java:100) Joining MUC...
DEBUG 2019-03-13 10:48:48,946 (MultiUserChat.java:264) Trying to create room on server conference.saros-con.imp.fu-berlin.de
DEBUG 2019-03-13 10:48:49,002 (SharedProjectDecorator.java:99) updating project decoration for all shared projects
INFO  2019-03-13 10:48:49,004 (SarosSessionManager.java:262) session started
DEBUG 2019-03-13 10:48:49,028 (OutgoingSessionNegotiation.java:122) OSN [remote side: adei@saros-con.imp.fu-berlin.de/Saros] : starting invitation
DEBUG 2019-03-13 10:48:49,031 (OutgoingSessionNegotiation.java:223) OSN [remote side: adei@saros-con.imp.fu-berlin.de/Saros] : checking Saros support
DEBUG 2019-03-13 10:48:49,033 (OutgoingSessionNegotiation.java:235) OSN [remote side: adei@saros-con.imp.fu-berlin.de/Saros] :  remote contact offers Saros support
DEBUG 2019-03-13 10:48:49,033 (OutgoingSessionNegotiation.java:253) OSN [remote side: adei@saros-con.imp.fu-berlin.de/Saros] : checking version compatibility
DEBUG 2019-03-13 10:48:49,274 (MultiUserChat.java:310) Configuring room
DEBUG 2019-03-13 10:48:49,645 (OutgoingSessionNegotiation.java:284) OSN [remote side: adei@saros-con.imp.fu-berlin.de/Saros] : Saros versions are compatible
DEBUG 2019-03-13 10:48:49,646 (OutgoingSessionNegotiation.java:298) OSN [remote side: adei@saros-con.imp.fu-berlin.de/Saros] : sending invitation
DEBUG 2019-03-13 10:48:49,647 (OutgoingSessionNegotiation.java:314) OSN [remote side: adei@saros-con.imp.fu-berlin.de/Saros] : waiting for invitation acknowledgement
DEBUG 2019-03-13 10:48:49,828 (MultiUserChat.java:297) MUC created and joined. Server: conference.saros-con.imp.fu-berlin.de Room: SAROS_820189562 Password -93328003
DEBUG 2019-03-13 10:48:50,479 (MultiUserChat.java:133) processPacket called
DEBUG 2019-03-13 10:48:50,482 (MultiUserChatStateManager.java:101) Incoming Message from saros_820189562@conference.saros-con.imp.fu-berlin.de/ander@saros-con.imp.fu-berlin.de/Saros with state: active
DEBUG 2019-03-13 10:48:50,483 (MultiUserChat.java:79) stateChanged fired with state: active
DEBUG 2019-03-13 10:48:50,698 (OutgoingSessionNegotiation.java:325) OSN [remote side: adei@saros-con.imp.fu-berlin.de/Saros] : invitation acknowledged
DEBUG 2019-03-13 10:48:50,699 (OutgoingSessionNegotiation.java:334) OSN [remote side: adei@saros-con.imp.fu-berlin.de/Saros] : waiting for peer to accept the invitation
DEBUG 2019-03-13 10:48:57,900 (OutgoingSessionNegotiation.java:345) OSN [remote side: adei@saros-con.imp.fu-berlin.de/Saros] : invitation accepted
DEBUG 2019-03-13 10:48:57,900 (OutgoingSessionNegotiation.java:355) OSN [remote side: adei@saros-con.imp.fu-berlin.de/Saros] : waiting for client's session parameters
DEBUG 2019-03-13 10:48:57,905 (OutgoingSessionNegotiation.java:375) OSN [remote side: adei@saros-con.imp.fu-berlin.de/Saros] : received client's session parameters
DEBUG 2019-03-13 10:48:58,223 (WhiteboardManager.java:163) Detected  Whiteboard at adei@saros-con.imp.fu-berlin.de/Saros
DEBUG 2019-03-13 10:48:58,224 (OutgoingSessionNegotiation.java:427) OSN [remote side: adei@saros-con.imp.fu-berlin.de/Saros] : sending updated session negotiation data
DEBUG 2019-03-13 10:48:58,225 (OutgoingSessionNegotiation.java:434) OSN [remote side: adei@saros-con.imp.fu-berlin.de/Saros] : sent updated session negotiation data
DEBUG 2019-03-13 10:48:58,227 (OutgoingSessionNegotiation.java:444) OSN [remote side: adei@saros-con.imp.fu-berlin.de/Saros] : waiting for remote side to start its Saros session
DEBUG 2019-03-13 10:48:59,791 (ByteStreamTransport.java:72) received request to establish a  bytestream connection to adei@saros-con.imp.fu-berlin.de/Saros [de.fu_berlin.inf.dpp.net.internal.ByteStreamTransport$1@1c15d277]
DEBUG 2019-03-13 10:48:59,793 (Socks5Transport.java:368) [SOCKS5Transport] receiving request from adei@saros-con.imp.fu-berlin.de/Saroswith local SOCKS5 proxy running [port=7777, configured streamhosts=[10.109.209.212, fe80:0:0:0:708f:1a65:98e3:a1df%wlan0]]
DEBUG 2019-03-13 10:48:59,797 (Socks5Transport.java:624) [SOCKS5Transport] Start to establish new response connection
DEBUG 2019-03-13 10:48:59,893 (Socks5Transport.java:122) [SOCKS5Transport] cancelling response connection as it is not needed
DEBUG 2019-03-13 10:48:59,895 (Socks5Transport.java:742) nagle algorithm for socket disabled: true
DEBUG 2019-03-13 10:48:59,896 (Socks5Transport.java:755) socket is configured with SO_LINGER timeout: 10000 ms
DEBUG 2019-03-13 10:48:59,905 (DataTransferManager.java:136) bytestream connection changed [mode=SOCKS5 (D), id=saros-main-session] adei@saros-con.imp.fu-berlin.de/Saros, inc=true, pool id=saros-main-session:in:adei@saros-con.imp.fu-berlin.de/Saros]
DEBUG 2019-03-13 10:48:59,909 (BinaryChannelConnection.java:103) [mode=SOCKS5 (D), id=saros-main-session] adei@saros-con.imp.fu-berlin.de/Saros ReceiverThread started.
DEBUG 2019-03-13 10:49:00,027 (OutgoingSessionNegotiation.java:455) OSN [remote side: adei@saros-con.imp.fu-berlin.de/Saros] : remote side started its Saros session
DEBUG 2019-03-13 10:49:00,028 (OutgoingSessionNegotiation.java:472) OSN [remote side: adei@saros-con.imp.fu-berlin.de/Saros] : synchronizing user list
DEBUG 2019-03-13 10:49:00,030 (UserInformationHandler.java:152) synchronizing user list (A)[adei@saros-con.imp.fu-berlin.de/Saros, ander@saros-con.imp.fu-berlin.de/Saros], (R) [] with user(s) [adei@saros-con.imp.fu-berlin.de/Saros]
DEBUG 2019-03-13 10:49:00,069 (UserInformationHandler.java:204) received user list confirmation from: adei@saros-con.imp.fu-berlin.de/Saros
DEBUG 2019-03-13 10:49:00,070 (UserInformationHandler.java:211) synchronized user list with user(s) [adei@saros-con.imp.fu-berlin.de/Saros]
DEBUG 2019-03-13 10:49:00,073 (ChangeColorManager.java:290) reassigning color IDs for the current session users
DEBUG 2019-03-13 10:49:00,081 (ChangeColorManager.java:379) color conflict resolve result = RESOLVED
DEBUG 2019-03-13 10:49:00,082 (ChangeColorManager.java:383) new color assignment: {ander@saros-con.imp.fu-berlin.de/Saros=4, adei@saros-con.imp.fu-berlin.de/Saros=0}
DEBUG 2019-03-13 10:49:00,083 (ChangeColorManager.java:634) updating color id set: [adei@saros-con.imp.fu-berlin.de, ander@saros-con.imp.fu-berlin.de]
INFO  2019-03-13 10:49:00,091 (ParticipantCollector.java:67) adei@saros-con.imp.fu-berlin.de/Saros joined - session now contains 2 users
DEBUG 2019-03-13 10:49:00,093 (ActivitySequencer.java:496) send (002) adei@saros-con.imp.fu-berlin.de/Saros
INFO  2019-03-13 10:49:00,094 (SarosSession.java:456) user adei@saros-con.imp.fu-berlin.de/Saros joined session
DEBUG 2019-03-13 10:49:00,095 (OutgoingSessionNegotiation.java:482) OSN [remote side: adei@saros-con.imp.fu-berlin.de/Saros] : added adei@saros-con.imp.fu-berlin.de/Saros to the current session, colorID: 4
DEBUG 2019-03-13 10:49:00,100 (OutgoingSessionNegotiation.java:501) OSN [remote side: adei@saros-con.imp.fu-berlin.de/Saros] : session negotiation finished
DEBUG 2019-03-13 10:49:00,102 (WhiteboardManager.java:89) Preparing Whiteboard for sending an invitation
DEBUG 2019-03-13 10:49:00,294 (ColorUtils.java:21) set foregroundcolor RGB {137, 180, 178}
DEBUG 2019-03-13 10:49:00,299 (SXEController.java:120) SXE (6722): initialize session at inviter side
DEBUG 2019-03-13 10:49:00,303 (SXEOutgoingSynchronizationProcess.java:51) SXE(6722)  send state-offer to adei@saros-con.imp.fu-berlin.de/Saros
DEBUG 2019-03-13 10:49:00,305 (SarosSXETransmitter.java:151) SXE send state-offer to adei@saros-con.imp.fu-berlin.de/Saros waiting for [accept-state, refuse-state]
INFO  2019-03-13 10:49:00,357 (DataTransferManager.java:409) establishing connection to adei@saros-con.imp.fu-berlin.de/Saros from ander@saros-con.imp.fu-berlin.de/Saros using transport XMPP-Socks5-Transport
DEBUG 2019-03-13 10:49:00,357 (ByteStreamTransport.java:45) establishing bytestream connection to adei@saros-con.imp.fu-berlin.de/Saros
DEBUG 2019-03-13 10:49:00,358 (Socks5Transport.java:493) [SOCKS5Transport] establishing connection to adei@saros-con.imp.fu-berlin.de/Saroswith local SOCKS5 proxy running [port=7777, configured streamhosts=[10.109.209.212, fe80:0:0:0:708f:1a65:98e3:a1df%wlan0]]...
DEBUG 2019-03-13 10:49:02,230 (MultiUserChat.java:133) processPacket called
DEBUG 2019-03-13 10:49:02,231 (MultiUserChatStateManager.java:101) Incoming Message from saros_820189562@conference.saros-con.imp.fu-berlin.de/adei@saros-con.imp.fu-berlin.de/Saros with state: active
DEBUG 2019-03-13 10:49:02,232 (MultiUserChat.java:79) stateChanged fired with state: active
DEBUG 2019-03-13 10:49:03,041 (ByteStreamTransport.java:72) received request to establish a  bytestream connection to adei@saros-con.imp.fu-berlin.de/Saros [de.fu_berlin.inf.dpp.net.internal.ByteStreamTransport$1@1c15d277]
DEBUG 2019-03-13 10:49:03,042 (Socks5Transport.java:311) [SOCKS5Transport] receiving response connection from adei@saros-con.imp.fu-berlin.de/Saroswith local SOCKS5 proxy running [port=7777, configured streamhosts=[10.109.209.212, fe80:0:0:0:708f:1a65:98e3:a1df%wlan0]]
DEBUG 2019-03-13 10:49:15,138 (Socks5Transport.java:135) [SOCKS5Transport] Exception while waiting to close unneeded connection: item-not-found(404) Could not establish socket with any provided host
WARN  2019-03-13 10:49:15,862 (Socks5Transport.java:544) [SOCKS5Transport] could not establish a connection to adei@saros-con.imp.fu-berlin.de/Saros, remote side could not connect to any offered stream hosts: item-not-found(404) Could not establish socket with any provided host
DEBUG 2019-03-13 10:49:15,870 (Socks5Transport.java:567) [SOCKS5Transport] waiting for adei@saros-con.imp.fu-berlin.de/Saros to establish a connection...
DEBUG 2019-03-13 10:49:15,872 (Socks5Transport.java:577) [SOCKS5Transport] response connection is direct! Discarding the other.
DEBUG 2019-03-13 10:49:15,873 (Socks5Transport.java:742) nagle algorithm for socket disabled: true
DEBUG 2019-03-13 10:49:15,874 (Socks5Transport.java:755) socket is configured with SO_LINGER timeout: 10000 ms
DEBUG 2019-03-13 10:49:15,876 (DataTransferManager.java:136) bytestream connection changed [mode=SOCKS5 (D), id=default] adei@saros-con.imp.fu-berlin.de/Saros, inc=false, pool id=default:out:adei@saros-con.imp.fu-berlin.de/Saros]
DEBUG 2019-03-13 10:49:15,879 (BinaryChannelConnection.java:103) [mode=SOCKS5 (D), id=default] adei@saros-con.imp.fu-berlin.de/Saros ReceiverThread started.
DEBUG 2019-03-13 10:49:16,021 (SXEOutgoingSynchronizationProcess.java:70) SXE(6722) adei@saros-con.imp.fu-berlin.de/Saros accepted state-offer
DEBUG 2019-03-13 10:49:16,025 (SXEOutgoingSynchronizationProcess.java:89) SXE(6722) Sending state to adei@saros-con.imp.fu-berlin.de/Saros
DEBUG 2019-03-13 10:49:16,026 (SXEOutgoingSynchronizationProcess.java:91) Send message: de.fu_berlin.inf.dpp.whiteboard.sxe.net.SXEMessage@2a8cc09: from: null, to: adei@saros-con.imp.fu-berlin.de/Saros, msgId: 1messageTyp: statemessage: [new rid=155247027927676025 version=0 visible=true name=svg type=element ns=http://www.w3.org/2000/svg, ]
DEBUG 2019-03-13 10:49:16,028 (CancelableProcess.java:353) process OSN [remote side: adei@saros-con.imp.fu-berlin.de/Saros] exit status: OK
INFO  2019-03-13 10:49:16,034 (ProjectNegotiationObservable.java:51) This is ProjectNegotiation number 1 in this session. There are 0 process(es) in this session
DEBUG 2019-03-13 10:49:16,416 (OutgoingProjectNegotiation.java:181) OPN [remote side: adei@saros-con.imp.fu-berlin.de/Saros] : sending file list
DEBUG 2019-03-13 10:49:16,437 (OutgoingProjectNegotiation.java:214) OPN [remote side: adei@saros-con.imp.fu-berlin.de/Saros] : waiting for remote file list
DEBUG 2019-03-13 10:49:23,705 (OutgoingProjectNegotiation.java:232) OPN [remote side: adei@saros-con.imp.fu-berlin.de/Saros] : remote file list has been received
DEBUG 2019-03-13 10:49:23,706 (OutgoingProjectNegotiation.java:270) OPN [remote side: adei@saros-con.imp.fu-berlin.de/Saros] : stopping users [adei@saros-con.imp.fu-berlin.de/Saros, ander@saros-con.imp.fu-berlin.de/Saros]
DEBUG 2019-03-13 10:49:23,721 (ActivitySequencer.java:496) send (001) adei@saros-con.imp.fu-berlin.de/Saros
DEBUG 2019-03-13 10:49:23,722 (EditorManager.java:1697) locking all editors
DEBUG 2019-03-13 10:49:23,723 (StopManager.java:239) added StartHandle (ander@saros-con.imp.fu-berlin.de/Saros, 104923711-7201581911275499484, startable) to resulting handles.
DEBUG 2019-03-13 10:49:23,794 (ActivitySequencer.java:546) rcvd (001) adei@saros-con.imp.fu-berlin.de/Saros
DEBUG 2019-03-13 10:49:23,797 (StopManager.java:390) Acknowledgment arrived adei@saros-con.imp.fu-berlin.de/Saros
DEBUG 2019-03-13 10:49:23,798 (StopManager.java:239) added StartHandle (adei@saros-con.imp.fu-berlin.de/Saros, 1049237114789812531754257349, startable) to resulting handles.
INFO  2019-03-13 10:49:24,326 (SarosSession.java:462) user adei@saros-con.imp.fu-berlin.de/Saros started queuing projects and can receive IResourceActivities
DEBUG 2019-03-13 10:49:24,338 (OutgoingProjectNegotiation.java:353) OPN [remote side: adei@saros-con.imp.fu-berlin.de/Saros] : creating archive
DEBUG 2019-03-13 10:49:24,369 (CreateArchiveTask.java:140) created archive C:\Users\ANDER\AppData\Local\Temp\saros_4683285064715150434120322156419204695.zip I/O: [1,0 kB in < 1 s at 51,0 kB/s]
DEBUG 2019-03-13 10:49:24,370 (OutgoingProjectNegotiation.java:288) OPN [remote side: adei@saros-con.imp.fu-berlin.de/Saros] : restarting user ander@saros-con.imp.fu-berlin.de/Saros
DEBUG 2019-03-13 10:49:24,371 (StartHandle.java:58) Called start on ander@saros-con.imp.fu-berlin.de/Saros
DEBUG 2019-03-13 10:49:24,372 (StopManager.java:430) StartHandle (ander@saros-con.imp.fu-berlin.de/Saros, 104923711-7201581911275499484, not startable) couldn't be removed because it doesn't exist any more.
DEBUG 2019-03-13 10:49:24,373 (EditorManager.java:1697) unlocking all editors
DEBUG 2019-03-13 10:49:24,374 (OutgoingProjectNegotiation.java:288) OPN [remote side: adei@saros-con.imp.fu-berlin.de/Saros] : restarting user adei@saros-con.imp.fu-berlin.de/Saros
DEBUG 2019-03-13 10:49:24,374 (StartHandle.java:58) Called start on adei@saros-con.imp.fu-berlin.de/Saros
DEBUG 2019-03-13 10:49:24,375 (OutgoingProjectNegotiation.java:390) OPN [remote side: adei@saros-con.imp.fu-berlin.de/Saros] : sending archive
DEBUG 2019-03-13 10:49:24,375 (ActivitySequencer.java:496) send (001) adei@saros-con.imp.fu-berlin.de/Saros
DEBUG 2019-03-13 10:49:24,469 (ActivitySequencer.java:546) rcvd (001) adei@saros-con.imp.fu-berlin.de/Saros
DEBUG 2019-03-13 10:49:27,590 (OutgoingProjectNegotiation.java:407) OPN [remote side: adei@saros-con.imp.fu-berlin.de/Saros] : archive send
INFO  2019-03-13 10:49:27,591 (SarosSession.java:482) user adei@saros-con.imp.fu-berlin.de/Saros now has Projects and can process IResourceActivities
DEBUG 2019-03-13 10:49:27,599 (ActivitySequencer.java:496) send (001) adei@saros-con.imp.fu-berlin.de/Saros
DEBUG 2019-03-13 10:49:27,607 (CancelableProcess.java:353) process OPN [remote side: adei@saros-con.imp.fu-berlin.de/Saros] exit status: OK
DEBUG 2019-03-13 10:49:27,804 (ActivitySequencer.java:546) rcvd (001) adei@saros-con.imp.fu-berlin.de/Saros
DEBUG 2019-03-13 10:49:48,441 (ActivitySequencer.java:496) send (001) adei@saros-con.imp.fu-berlin.de/Saros
DEBUG 2019-03-13 10:49:48,444 (ActivitySequencer.java:496) send (001) adei@saros-con.imp.fu-berlin.de/Saros
DEBUG 2019-03-13 10:49:49,018 (SharedDocumentProvider.java:77) SharedDocumentProvider created by Eclipse
DEBUG 2019-03-13 10:49:49,837 (ActivitySequencer.java:496) send (001) adei@saros-con.imp.fu-berlin.de/Saros
DEBUG 2019-03-13 10:49:49,842 (ActivitySequencer.java:496) send (002) adei@saros-con.imp.fu-berlin.de/Saros
DEBUG 2019-03-13 10:49:49,990 (ActivitySequencer.java:496) send (001) adei@saros-con.imp.fu-berlin.de/Saros
DEBUG 2019-03-13 10:49:50,040 (ActivitySequencer.java:496) send (002) adei@saros-con.imp.fu-berlin.de/Saros
DEBUG 2019-03-13 10:49:50,186 (ActivitySequencer.java:496) send (001) adei@saros-con.imp.fu-berlin.de/Saros
DEBUG 2019-03-13 10:49:50,190 (ActivitySequencer.java:496) send (001) adei@saros-con.imp.fu-berlin.de/Saros
DEBUG 2019-03-13 10:49:50,199 (ActivitySequencer.java:496) send (001) adei@saros-con.imp.fu-berlin.de/Saros
DEBUG 2019-03-13 10:49:50,240 (EditorListener.java:236) Viewport changed: 0+6
DEBUG 2019-03-13 10:49:50,243 (ActivitySequencer.java:496) send (001) adei@saros-con.imp.fu-berlin.de/Saros
DEBUG 2019-03-13 10:49:50,555 (ActivitySequencer.java:496) send (001) adei@saros-con.imp.fu-berlin.de/Saros
DEBUG 2019-03-13 10:49:55,897 (ActivitySequencer.java:546) rcvd (001) adei@saros-con.imp.fu-berlin.de/Saros
DEBUG 2019-03-13 10:49:55,963 (ActivitySequencer.java:546) rcvd (002) adei@saros-con.imp.fu-berlin.de/Saros
DEBUG 2019-03-13 10:49:55,972 (ActivitySequencer.java:546) rcvd (001) adei@saros-con.imp.fu-berlin.de/Saros
DEBUG 2019-03-13 10:49:55,979 (ActivitySequencer.java:546) rcvd (002) adei@saros-con.imp.fu-berlin.de/Saros
DEBUG 2019-03-13 10:49:56,204 (ActivitySequencer.java:546) rcvd (001) adei@saros-con.imp.fu-berlin.de/Saros
DEBUG 2019-03-13 10:49:56,208 (ActivitySequencer.java:546) rcvd (002) adei@saros-con.imp.fu-berlin.de/Saros
DEBUG 2019-03-13 10:49:56,279 (ActivitySequencer.java:546) rcvd (001) adei@saros-con.imp.fu-berlin.de/Saros
DEBUG 2019-03-13 10:49:58,585 (ActivitySequencer.java:496) send (001) adei@saros-con.imp.fu-berlin.de/Saros
DEBUG 2019-03-13 10:49:59,350 (ActivitySequencer.java:496) send (001) adei@saros-con.imp.fu-berlin.de/Saros
DEBUG 2019-03-13 10:49:59,486 (ActivitySequencer.java:496) send (001) adei@saros-con.imp.fu-berlin.de/Saros
DEBUG 2019-03-13 10:49:59,490 (ActivitySequencer.java:496) send (001) adei@saros-con.imp.fu-berlin.de/Saros
DEBUG 2019-03-13 10:49:59,491 (ActivitySequencer.java:496) send (001) adei@saros-con.imp.fu-berlin.de/Saros
DEBUG 2019-03-13 10:49:59,494 (ActivitySequencer.java:496) send (001) adei@saros-con.imp.fu-berlin.de/Saros
DEBUG 2019-03-13 10:49:59,573 (ActivitySequencer.java:496) send (001) adei@saros-con.imp.fu-berlin.de/Saros
DEBUG 2019-03-13 10:49:59,583 (ActivitySequencer.java:496) send (001) adei@saros-con.imp.fu-berlin.de/Saros
DEBUG 2019-03-13 10:49:59,592 (ActivitySequencer.java:496) send (001) adei@saros-con.imp.fu-berlin.de/Saros
DEBUG 2019-03-13 10:49:59,653 (ActivitySequencer.java:496) send (001) adei@saros-con.imp.fu-berlin.de/Saros
DEBUG 2019-03-13 10:49:59,676 (ActivitySequencer.java:496) send (001) adei@saros-con.imp.fu-berlin.de/Saros
DEBUG 2019-03-13 10:50:00,527 (ActivitySequencer.java:496) send (001) adei@saros-con.imp.fu-berlin.de/Saros
DEBUG 2019-03-13 10:50:00,553 (ActivitySequencer.java:496) send (001) adei@saros-con.imp.fu-berlin.de/Saros
DEBUG 2019-03-13 10:50:00,563 (ActivitySequencer.java:496) send (001) adei@saros-con.imp.fu-berlin.de/Saros
DEBUG 2019-03-13 10:50:00,674 (ActivitySequencer.java:496) send (001) adei@saros-con.imp.fu-berlin.de/Saros
DEBUG 2019-03-13 10:50:00,686 (ActivitySequencer.java:496) send (001) adei@saros-con.imp.fu-berlin.de/Saros
DEBUG 2019-03-13 10:50:00,777 (ActivitySequencer.java:496) send (001) adei@saros-con.imp.fu-berlin.de/Saros
DEBUG 2019-03-13 10:50:00,811 (ActivitySequencer.java:496) send (001) adei@saros-con.imp.fu-berlin.de/Saros
DEBUG 2019-03-13 10:50:00,926 (ActivitySequencer.java:496) send (001) adei@saros-con.imp.fu-berlin.de/Saros
DEBUG 2019-03-13 10:50:02,603 (ActivitySequencer.java:496) send (001) adei@saros-con.imp.fu-berlin.de/Saros
DEBUG 2019-03-13 10:50:02,672 (ActivitySequencer.java:496) send (001) adei@saros-con.imp.fu-berlin.de/Saros
DEBUG 2019-03-13 10:50:02,787 (ActivitySequencer.java:496) send (001) adei@saros-con.imp.fu-berlin.de/Saros
DEBUG 2019-03-13 10:50:02,834 (ActivitySequencer.java:496) send (001) adei@saros-con.imp.fu-berlin.de/Saros
DEBUG 2019-03-13 10:50:02,900 (ActivitySequencer.java:496) send (001) adei@saros-con.imp.fu-berlin.de/Saros
DEBUG 2019-03-13 10:50:02,975 (ActivitySequencer.java:496) send (001) adei@saros-con.imp.fu-berlin.de/Saros
DEBUG 2019-03-13 10:50:03,076 (ActivitySequencer.java:496) send (001) adei@saros-con.imp.fu-berlin.de/Saros
DEBUG 2019-03-13 10:50:03,116 (ActivitySequencer.java:496) send (001) adei@saros-con.imp.fu-berlin.de/Saros
DEBUG 2019-03-13 10:50:03,208 (ActivitySequencer.java:496) send (001) adei@saros-con.imp.fu-berlin.de/Saros
DEBUG 2019-03-13 10:50:03,265 (ActivitySequencer.java:496) send (001) adei@saros-con.imp.fu-berlin.de/Saros
DEBUG 2019-03-13 10:50:03,356 (ActivitySequencer.java:496) send (001) adei@saros-con.imp.fu-berlin.de/Saros
DEBUG 2019-03-13 10:50:03,418 (ActivitySequencer.java:496) send (001) adei@saros-con.imp.fu-berlin.de/Saros
DEBUG 2019-03-13 10:50:03,505 (ActivitySequencer.java:496) send (001) adei@saros-con.imp.fu-berlin.de/Saros
DEBUG 2019-03-13 10:50:03,569 (ActivitySequencer.java:496) send (001) adei@saros-con.imp.fu-berlin.de/Saros
DEBUG 2019-03-13 10:50:03,653 (ActivitySequencer.java:496) send (001) adei@saros-con.imp.fu-berlin.de/Saros
DEBUG 2019-03-13 10:50:03,717 (ActivitySequencer.java:496) send (001) adei@saros-con.imp.fu-berlin.de/Saros
DEBUG 2019-03-13 10:50:03,799 (ActivitySequencer.java:496) send (001) adei@saros-con.imp.fu-berlin.de/Saros
DEBUG 2019-03-13 10:50:03,861 (ActivitySequencer.java:496) send (001) adei@saros-con.imp.fu-berlin.de/Saros
DEBUG 2019-03-13 10:50:04,166 (ActivitySequencer.java:496) send (001) adei@saros-con.imp.fu-berlin.de/Saros
DEBUG 2019-03-13 10:50:04,221 (ActivitySequencer.java:496) send (001) adei@saros-con.imp.fu-berlin.de/Saros
DEBUG 2019-03-13 10:50:10,527 (ActivitySequencer.java:496) send (001) adei@saros-con.imp.fu-berlin.de/Saros
DEBUG 2019-03-13 10:50:20,529 (ActivitySequencer.java:496) send (001) adei@saros-con.imp.fu-berlin.de/Saros
DEBUG 2019-03-13 10:50:30,530 (ActivitySequencer.java:496) send (001) adei@saros-con.imp.fu-berlin.de/Saros
DEBUG 2019-03-13 10:50:40,531 (ActivitySequencer.java:496) send (001) adei@saros-con.imp.fu-berlin.de/Saros
DEBUG 2019-03-13 10:50:50,532 (ActivitySequencer.java:496) send (001) adei@saros-con.imp.fu-berlin.de/Saros
DEBUG 2019-03-13 10:51:00,533 (ActivitySequencer.java:496) send (001) adei@saros-con.imp.fu-berlin.de/Saros
DEBUG 2019-03-13 10:51:10,534 (ActivitySequencer.java:496) send (001) adei@saros-con.imp.fu-berlin.de/Saros
DEBUG 2019-03-13 10:51:12,973 (ActivitySequencer.java:496) send (001) adei@saros-con.imp.fu-berlin.de/Saros
DEBUG 2019-03-13 10:51:13,129 (ActivitySequencer.java:496) send (001) adei@saros-con.imp.fu-berlin.de/Saros
DEBUG 2019-03-13 10:51:13,214 (ActivitySequencer.java:496) send (001) adei@saros-con.imp.fu-berlin.de/Saros
DEBUG 2019-03-13 10:51:13,340 (ActivitySequencer.java:496) send (001) adei@saros-con.imp.fu-berlin.de/Saros
DEBUG 2019-03-13 10:51:13,472 (ActivitySequencer.java:496) send (001) adei@saros-con.imp.fu-berlin.de/Saros
DEBUG 2019-03-13 10:51:13,569 (ActivitySequencer.java:496) send (001) adei@saros-con.imp.fu-berlin.de/Saros
DEBUG 2019-03-13 10:51:13,753 (ActivitySequencer.java:496) send (001) adei@saros-con.imp.fu-berlin.de/Saros
DEBUG 2019-03-13 10:51:13,860 (ActivitySequencer.java:496) send (001) adei@saros-con.imp.fu-berlin.de/Saros
DEBUG 2019-03-13 10:51:13,870 (ActivitySequencer.java:496) send (001) adei@saros-con.imp.fu-berlin.de/Saros
DEBUG 2019-03-13 10:51:14,862 (ActivitySequencer.java:496) send (001) adei@saros-con.imp.fu-berlin.de/Saros
DEBUG 2019-03-13 10:51:14,965 (ActivitySequencer.java:496) send (001) adei@saros-con.imp.fu-berlin.de/Saros
DEBUG 2019-03-13 10:51:15,091 (ActivitySequencer.java:496) send (001) adei@saros-con.imp.fu-berlin.de/Saros
DEBUG 2019-03-13 10:51:15,189 (ActivitySequencer.java:496) send (001) adei@saros-con.imp.fu-berlin.de/Saros
DEBUG 2019-03-13 10:51:15,192 (ActivitySequencer.java:496) send (001) adei@saros-con.imp.fu-berlin.de/Saros
DEBUG 2019-03-13 10:51:15,287 (ActivitySequencer.java:496) send (001) adei@saros-con.imp.fu-berlin.de/Saros
DEBUG 2019-03-13 10:51:15,342 (ActivitySequencer.java:496) send (001) adei@saros-con.imp.fu-berlin.de/Saros
DEBUG 2019-03-13 10:51:15,359 (ActivitySequencer.java:496) send (001) adei@saros-con.imp.fu-berlin.de/Saros
DEBUG 2019-03-13 10:51:15,363 (ActivitySequencer.java:496) send (001) adei@saros-con.imp.fu-berlin.de/Saros
DEBUG 2019-03-13 10:51:15,451 (ActivitySequencer.java:496) send (001) adei@saros-con.imp.fu-berlin.de/Saros
DEBUG 2019-03-13 10:51:15,475 (ActivitySequencer.java:496) send (001) adei@saros-con.imp.fu-berlin.de/Saros
DEBUG 2019-03-13 10:51:15,715 (ActivitySequencer.java:496) send (001) adei@saros-con.imp.fu-berlin.de/Saros
DEBUG 2019-03-13 10:51:15,829 (ActivitySequencer.java:496) send (001) adei@saros-con.imp.fu-berlin.de/Saros
DEBUG 2019-03-13 10:51:15,929 (ActivitySequencer.java:496) send (001) adei@saros-con.imp.fu-berlin.de/Saros
DEBUG 2019-03-13 10:51:16,015 (ActivitySequencer.java:496) send (001) adei@saros-con.imp.fu-berlin.de/Saros
DEBUG 2019-03-13 10:51:16,218 (ActivitySequencer.java:496) send (001) adei@saros-con.imp.fu-berlin.de/Saros
DEBUG 2019-03-13 10:51:16,332 (ActivitySequencer.java:496) send (001) adei@saros-con.imp.fu-berlin.de/Saros
DEBUG 2019-03-13 10:51:16,504 (ActivitySequencer.java:496) send (001) adei@saros-con.imp.fu-berlin.de/Saros
DEBUG 2019-03-13 10:51:16,605 (ActivitySequencer.java:496) send (001) adei@saros-con.imp.fu-berlin.de/Saros
DEBUG 2019-03-13 10:51:18,501 (ActivitySequencer.java:546) rcvd (001) adei@saros-con.imp.fu-berlin.de/Saros
DEBUG 2019-03-13 10:51:18,634 (ActivitySequencer.java:546) rcvd (001) adei@saros-con.imp.fu-berlin.de/Saros
DEBUG 2019-03-13 10:51:18,637 (ActivitySequencer.java:546) rcvd (001) adei@saros-con.imp.fu-berlin.de/Saros
DEBUG 2019-03-13 10:51:18,642 (EditorListener.java:236) Viewport changed: 0+7
DEBUG 2019-03-13 10:51:18,644 (ActivitySequencer.java:496) send (001) adei@saros-con.imp.fu-berlin.de/Saros
DEBUG 2019-03-13 10:51:18,719 (ActivitySequencer.java:546) rcvd (001) adei@saros-con.imp.fu-berlin.de/Saros
DEBUG 2019-03-13 10:51:19,349 (ActivitySequencer.java:546) rcvd (001) adei@saros-con.imp.fu-berlin.de/Saros
DEBUG 2019-03-13 10:51:19,453 (ActivitySequencer.java:546) rcvd (001) adei@saros-con.imp.fu-berlin.de/Saros
DEBUG 2019-03-13 10:51:19,650 (ActivitySequencer.java:546) rcvd (001) adei@saros-con.imp.fu-berlin.de/Saros
DEBUG 2019-03-13 10:51:19,851 (ActivitySequencer.java:546) rcvd (001) adei@saros-con.imp.fu-berlin.de/Saros
DEBUG 2019-03-13 10:51:19,853 (ActivitySequencer.java:546) rcvd (001) adei@saros-con.imp.fu-berlin.de/Saros
DEBUG 2019-03-13 10:51:20,060 (ActivitySequencer.java:546) rcvd (001) adei@saros-con.imp.fu-berlin.de/Saros
DEBUG 2019-03-13 10:51:20,063 (ActivitySequencer.java:546) rcvd (001) adei@saros-con.imp.fu-berlin.de/Saros
DEBUG 2019-03-13 10:51:20,374 (ActivitySequencer.java:546) rcvd (001) adei@saros-con.imp.fu-berlin.de/Saros
DEBUG 2019-03-13 10:51:20,468 (ActivitySequencer.java:546) rcvd (001) adei@saros-con.imp.fu-berlin.de/Saros
DEBUG 2019-03-13 10:51:20,472 (ActivitySequencer.java:546) rcvd (001) adei@saros-con.imp.fu-berlin.de/Saros
DEBUG 2019-03-13 10:51:20,612 (ActivitySequencer.java:496) send (001) adei@saros-con.imp.fu-berlin.de/Saros
DEBUG 2019-03-13 10:51:20,626 (ActivitySequencer.java:546) rcvd (001) adei@saros-con.imp.fu-berlin.de/Saros
DEBUG 2019-03-13 10:51:20,627 (ActivitySequencer.java:546) rcvd (001) adei@saros-con.imp.fu-berlin.de/Saros
DEBUG 2019-03-13 10:51:21,050 (ActivitySequencer.java:546) rcvd (001) adei@saros-con.imp.fu-berlin.de/Saros
DEBUG 2019-03-13 10:51:21,052 (ActivitySequencer.java:546) rcvd (001) adei@saros-con.imp.fu-berlin.de/Saros
DEBUG 2019-03-13 10:51:21,055 (ActivitySequencer.java:546) rcvd (001) adei@saros-con.imp.fu-berlin.de/Saros
DEBUG 2019-03-13 10:51:21,057 (ActivitySequencer.java:546) rcvd (001) adei@saros-con.imp.fu-berlin.de/Saros
DEBUG 2019-03-13 10:51:21,058 (ActivitySequencer.java:546) rcvd (001) adei@saros-con.imp.fu-berlin.de/Saros
DEBUG 2019-03-13 10:51:21,230 (ActivitySequencer.java:546) rcvd (001) adei@saros-con.imp.fu-berlin.de/Saros
DEBUG 2019-03-13 10:51:21,232 (ActivitySequencer.java:546) rcvd (001) adei@saros-con.imp.fu-berlin.de/Saros
DEBUG 2019-03-13 10:51:21,269 (ActivitySequencer.java:546) rcvd (001) adei@saros-con.imp.fu-berlin.de/Saros
DEBUG 2019-03-13 10:51:21,522 (ActivitySequencer.java:546) rcvd (001) adei@saros-con.imp.fu-berlin.de/Saros
DEBUG 2019-03-13 10:51:21,541 (ActivitySequencer.java:546) rcvd (001) adei@saros-con.imp.fu-berlin.de/Saros
DEBUG 2019-03-13 10:51:21,576 (ActivitySequencer.java:496) send (001) adei@saros-con.imp.fu-berlin.de/Saros
DEBUG 2019-03-13 10:51:21,763 (ActivitySequencer.java:546) rcvd (001) adei@saros-con.imp.fu-berlin.de/Saros
DEBUG 2019-03-13 10:51:21,768 (ActivitySequencer.java:546) rcvd (001) adei@saros-con.imp.fu-berlin.de/Saros
DEBUG 2019-03-13 10:51:21,977 (ActivitySequencer.java:546) rcvd (001) adei@saros-con.imp.fu-berlin.de/Saros
DEBUG 2019-03-13 10:51:22,114 (ActivitySequencer.java:546) rcvd (001) adei@saros-con.imp.fu-berlin.de/Saros
DEBUG 2019-03-13 10:51:22,133 (ActivitySequencer.java:546) rcvd (001) adei@saros-con.imp.fu-berlin.de/Saros
DEBUG 2019-03-13 10:51:22,168 (ActivitySequencer.java:546) rcvd (001) adei@saros-con.imp.fu-berlin.de/Saros
DEBUG 2019-03-13 10:51:22,566 (ActivitySequencer.java:546) rcvd (001) adei@saros-con.imp.fu-berlin.de/Saros
DEBUG 2019-03-13 10:51:22,569 (ActivitySequencer.java:546) rcvd (001) adei@saros-con.imp.fu-berlin.de/Saros
DEBUG 2019-03-13 10:51:22,573 (ActivitySequencer.java:546) rcvd (001) adei@saros-con.imp.fu-berlin.de/Saros
DEBUG 2019-03-13 10:51:22,936 (ActivitySequencer.java:546) rcvd (001) adei@saros-con.imp.fu-berlin.de/Saros
DEBUG 2019-03-13 10:51:23,037 (ActivitySequencer.java:496) send (001) adei@saros-con.imp.fu-berlin.de/Saros
DEBUG 2019-03-13 10:51:26,869 (ActivitySequencer.java:496) send (001) adei@saros-con.imp.fu-berlin.de/Saros
DEBUG 2019-03-13 10:51:27,001 (ActivitySequencer.java:496) send (001) adei@saros-con.imp.fu-berlin.de/Saros
DEBUG 2019-03-13 10:51:27,032 (ActivitySequencer.java:496) send (001) adei@saros-con.imp.fu-berlin.de/Saros
DEBUG 2019-03-13 10:51:27,476 (ActivitySequencer.java:496) send (001) adei@saros-con.imp.fu-berlin.de/Saros
DEBUG 2019-03-13 10:51:30,097 (ActivitySequencer.java:546) rcvd (001) adei@saros-con.imp.fu-berlin.de/Saros
DEBUG 2019-03-13 10:51:30,551 (ActivitySequencer.java:546) rcvd (001) adei@saros-con.imp.fu-berlin.de/Saros
DEBUG 2019-03-13 10:51:30,554 (ActivitySequencer.java:546) rcvd (001) adei@saros-con.imp.fu-berlin.de/Saros
DEBUG 2019-03-13 10:51:30,711 (ActivitySequencer.java:496) send (001) adei@saros-con.imp.fu-berlin.de/Saros
DEBUG 2019-03-13 10:51:30,748 (ActivitySequencer.java:546) rcvd (001) adei@saros-con.imp.fu-berlin.de/Saros
DEBUG 2019-03-13 10:51:30,750 (ActivitySequencer.java:546) rcvd (001) adei@saros-con.imp.fu-berlin.de/Saros
DEBUG 2019-03-13 10:51:30,751 (ActivitySequencer.java:546) rcvd (001) adei@saros-con.imp.fu-berlin.de/Saros
DEBUG 2019-03-13 10:51:30,752 (ActivitySequencer.java:546) rcvd (001) adei@saros-con.imp.fu-berlin.de/Saros
DEBUG 2019-03-13 10:51:30,754 (ActivitySequencer.java:546) rcvd (001) adei@saros-con.imp.fu-berlin.de/Saros
DEBUG 2019-03-13 10:51:30,755 (ActivitySequencer.java:546) rcvd (001) adei@saros-con.imp.fu-berlin.de/Saros
DEBUG 2019-03-13 10:51:30,822 (ActivitySequencer.java:546) rcvd (001) adei@saros-con.imp.fu-berlin.de/Saros
DEBUG 2019-03-13 10:51:30,823 (ActivitySequencer.java:546) rcvd (001) adei@saros-con.imp.fu-berlin.de/Saros
DEBUG 2019-03-13 10:51:30,862 (ActivitySequencer.java:546) rcvd (001) adei@saros-con.imp.fu-berlin.de/Saros
DEBUG 2019-03-13 10:51:30,863 (ActivitySequencer.java:546) rcvd (001) adei@saros-con.imp.fu-berlin.de/Saros
DEBUG 2019-03-13 10:51:31,357 (ActivitySequencer.java:546) rcvd (001) adei@saros-con.imp.fu-berlin.de/Saros
DEBUG 2019-03-13 10:51:31,368 (ActivitySequencer.java:546) rcvd (001) adei@saros-con.imp.fu-berlin.de/Saros
DEBUG 2019-03-13 10:51:31,372 (ActivitySequencer.java:546) rcvd (001) adei@saros-con.imp.fu-berlin.de/Saros
DEBUG 2019-03-13 10:51:31,388 (ActivitySequencer.java:546) rcvd (001) adei@saros-con.imp.fu-berlin.de/Saros
DEBUG 2019-03-13 10:51:31,391 (ActivitySequencer.java:546) rcvd (001) adei@saros-con.imp.fu-berlin.de/Saros
DEBUG 2019-03-13 10:51:31,395 (ActivitySequencer.java:546) rcvd (001) adei@saros-con.imp.fu-berlin.de/Saros
DEBUG 2019-03-13 10:51:31,402 (ActivitySequencer.java:546) rcvd (001) adei@saros-con.imp.fu-berlin.de/Saros
DEBUG 2019-03-13 10:51:31,405 (ActivitySequencer.java:546) rcvd (001) adei@saros-con.imp.fu-berlin.de/Saros
DEBUG 2019-03-13 10:51:31,408 (ActivitySequencer.java:546) rcvd (001) adei@saros-con.imp.fu-berlin.de/Saros
DEBUG 2019-03-13 10:51:31,409 (ActivitySequencer.java:546) rcvd (001) adei@saros-con.imp.fu-berlin.de/Saros
DEBUG 2019-03-13 10:51:31,586 (EditorListener.java:236) Viewport changed: 0+6
DEBUG 2019-03-13 10:51:31,587 (ActivitySequencer.java:496) send (001) adei@saros-con.imp.fu-berlin.de/Saros
DEBUG 2019-03-13 10:51:31,937 (ActivitySequencer.java:546) rcvd (001) adei@saros-con.imp.fu-berlin.de/Saros
DEBUG 2019-03-13 10:51:31,940 (ActivitySequencer.java:546) rcvd (001) adei@saros-con.imp.fu-berlin.de/Saros
DEBUG 2019-03-13 10:51:31,941 (ActivitySequencer.java:546) rcvd (001) adei@saros-con.imp.fu-berlin.de/Saros
DEBUG 2019-03-13 10:51:32,397 (ActivitySequencer.java:546) rcvd (001) adei@saros-con.imp.fu-berlin.de/Saros
DEBUG 2019-03-13 10:51:32,401 (ActivitySequencer.java:546) rcvd (001) adei@saros-con.imp.fu-berlin.de/Saros
DEBUG 2019-03-13 10:51:32,402 (ActivitySequencer.java:546) rcvd (001) adei@saros-con.imp.fu-berlin.de/Saros
DEBUG 2019-03-13 10:51:32,404 (ActivitySequencer.java:546) rcvd (001) adei@saros-con.imp.fu-berlin.de/Saros
DEBUG 2019-03-13 10:51:32,405 (ActivitySequencer.java:546) rcvd (001) adei@saros-con.imp.fu-berlin.de/Saros
DEBUG 2019-03-13 10:51:32,407 (ActivitySequencer.java:546) rcvd (001) adei@saros-con.imp.fu-berlin.de/Saros
DEBUG 2019-03-13 10:51:32,412 (ActivitySequencer.java:546) rcvd (001) adei@saros-con.imp.fu-berlin.de/Saros
DEBUG 2019-03-13 10:51:32,415 (ActivitySequencer.java:546) rcvd (001) adei@saros-con.imp.fu-berlin.de/Saros
DEBUG 2019-03-13 10:51:32,440 (ActivitySequencer.java:546) rcvd (001) adei@saros-con.imp.fu-berlin.de/Saros
DEBUG 2019-03-13 10:51:32,699 (ActivitySequencer.java:546) rcvd (001) adei@saros-con.imp.fu-berlin.de/Saros
DEBUG 2019-03-13 10:51:32,702 (ActivitySequencer.java:546) rcvd (001) adei@saros-con.imp.fu-berlin.de/Saros
DEBUG 2019-03-13 10:51:32,703 (ActivitySequencer.java:546) rcvd (001) adei@saros-con.imp.fu-berlin.de/Saros
DEBUG 2019-03-13 10:51:32,728 (ActivitySequencer.java:546) rcvd (001) adei@saros-con.imp.fu-berlin.de/Saros
DEBUG 2019-03-13 10:51:32,912 (ActivitySequencer.java:546) rcvd (001) adei@saros-con.imp.fu-berlin.de/Saros
DEBUG 2019-03-13 10:51:32,915 (ActivitySequencer.java:546) rcvd (001) adei@saros-con.imp.fu-berlin.de/Saros
DEBUG 2019-03-13 10:51:33,144 (ActivitySequencer.java:546) rcvd (001) adei@saros-con.imp.fu-berlin.de/Saros
DEBUG 2019-03-13 10:51:40,714 (ActivitySequencer.java:496) send (001) adei@saros-con.imp.fu-berlin.de/Saros
DEBUG 2019-03-13 10:51:46,904 (ActivitySequencer.java:496) send (001) adei@saros-con.imp.fu-berlin.de/Saros
DEBUG 2019-03-13 10:51:47,423 (ActivitySequencer.java:496) send (001) adei@saros-con.imp.fu-berlin.de/Saros
DEBUG 2019-03-13 10:51:47,512 (ActivitySequencer.java:496) send (001) adei@saros-con.imp.fu-berlin.de/Saros
DEBUG 2019-03-13 10:51:47,553 (ActivitySequencer.java:496) send (001) adei@saros-con.imp.fu-berlin.de/Saros
DEBUG 2019-03-13 10:51:47,601 (ActivitySequencer.java:496) send (001) adei@saros-con.imp.fu-berlin.de/Saros
DEBUG 2019-03-13 10:51:47,646 (ActivitySequencer.java:496) send (001) adei@saros-con.imp.fu-berlin.de/Saros
DEBUG 2019-03-13 10:51:47,673 (ActivitySequencer.java:496) send (001) adei@saros-con.imp.fu-berlin.de/Saros
DEBUG 2019-03-13 10:51:47,713 (ActivitySequencer.java:496) send (001) adei@saros-con.imp.fu-berlin.de/Saros
DEBUG 2019-03-13 10:51:47,757 (ActivitySequencer.java:496) send (001) adei@saros-con.imp.fu-berlin.de/Saros
DEBUG 2019-03-13 10:51:47,795 (ActivitySequencer.java:496) send (001) adei@saros-con.imp.fu-berlin.de/Saros
DEBUG 2019-03-13 10:51:47,853 (ActivitySequencer.java:496) send (001) adei@saros-con.imp.fu-berlin.de/Saros
DEBUG 2019-03-13 10:51:47,893 (ActivitySequencer.java:496) send (001) adei@saros-con.imp.fu-berlin.de/Saros
DEBUG 2019-03-13 10:51:47,906 (ActivitySequencer.java:496) send (001) adei@saros-con.imp.fu-berlin.de/Saros
DEBUG 2019-03-13 10:51:47,948 (ActivitySequencer.java:496) send (001) adei@saros-con.imp.fu-berlin.de/Saros
DEBUG 2019-03-13 10:51:48,051 (ActivitySequencer.java:496) send (001) adei@saros-con.imp.fu-berlin.de/Saros
DEBUG 2019-03-13 10:51:48,059 (ActivitySequencer.java:496) send (001) adei@saros-con.imp.fu-berlin.de/Saros
DEBUG 2019-03-13 10:51:48,067 (ActivitySequencer.java:496) send (001) adei@saros-con.imp.fu-berlin.de/Saros
DEBUG 2019-03-13 10:51:48,087 (ActivitySequencer.java:496) send (001) adei@saros-con.imp.fu-berlin.de/Saros
DEBUG 2019-03-13 10:51:48,097 (ActivitySequencer.java:496) send (001) adei@saros-con.imp.fu-berlin.de/Saros
DEBUG 2019-03-13 10:51:48,117 (ActivitySequencer.java:496) send (001) adei@saros-con.imp.fu-berlin.de/Saros
DEBUG 2019-03-13 10:51:48,174 (ActivitySequencer.java:496) send (001) adei@saros-con.imp.fu-berlin.de/Saros
DEBUG 2019-03-13 10:51:48,201 (ActivitySequencer.java:496) send (001) adei@saros-con.imp.fu-berlin.de/Saros
DEBUG 2019-03-13 10:51:50,716 (ActivitySequencer.java:496) send (001) adei@saros-con.imp.fu-berlin.de/Saros
DEBUG 2019-03-13 10:51:55,610 (DirtyStateListener.java:75) Dirty state reset for: L/adei/src/adei/gfg.java
DEBUG 2019-03-13 10:51:55,612 (ActivitySequencer.java:496) send (001) adei@saros-con.imp.fu-berlin.de/Saros
DEBUG 2019-03-13 10:51:56,182 (ActivitySequencer.java:496) send (004) adei@saros-con.imp.fu-berlin.de/Saros
DEBUG 2019-03-13 10:51:57,131 (SarosSessionManager.java:330) terminating all running negotiation processes
WARN  2019-03-13 10:51:57,133 (SWTUtils.java:144) could not execute runnable de.fu_berlin.inf.dpp.ui.actions.RemoveUserAction$2$2@2e1a8f8c, UI thread is not available
StackTrace:
	at de.fu_berlin.inf.dpp.ui.util.SWTUtils.runSafeSWTAsync(SWTUtils.java:145)
	at de.fu_berlin.inf.dpp.ui.actions.RemoveUserAction$2.sessionEnding(RemoveUserAction.java:64)
	at de.fu_berlin.inf.dpp.project.SarosSessionManager.sessionEnding(SarosSessionManager.java:701)
	at de.fu_berlin.inf.dpp.project.SarosSessionManager.stopSarosSession(SarosSessionManager.java:335)
	at de.fu_berlin.inf.dpp.Saros$1.run(Saros.java:303)
	at de.fu_berlin.inf.dpp.util.ThreadUtils$1.run(ThreadUtils.java:38)
	at java.lang.Thread.run(Unknown Source)
DEBUG 2019-03-13 10:51:57,138 (SarosSessionManager.java:337) Leave message sent.
WARN  2019-03-13 10:51:57,140 (SWTSynchronizer.java:55) could not execute runnable de.fu_berlin.inf.dpp.concurrent.watchdog.ConsistencyWatchdogServer$2@17002252, UI thread is not available
StackTrace:
	at de.fu_berlin.inf.dpp.synchronize.internal.SWTSynchronizer.exec(SWTSynchronizer.java:56)
	at de.fu_berlin.inf.dpp.synchronize.internal.SWTSynchronizer.asyncExec(SWTSynchronizer.java:20)
	at de.fu_berlin.inf.dpp.concurrent.watchdog.ConsistencyWatchdogServer.stop(ConsistencyWatchdogServer.java:145)
	at sun.reflect.NativeMethodAccessorImpl.invoke0(Native Method)
	at sun.reflect.NativeMethodAccessorImpl.invoke(Unknown Source)
	at sun.reflect.DelegatingMethodAccessorImpl.invoke(Unknown Source)
	at java.lang.reflect.Method.invoke(Unknown Source)
	at org.picocontainer.lifecycle.StartableLifecycleStrategy.doLifecycleMethod(StartableLifecycleStrategy.java:101)
	at org.picocontainer.lifecycle.StartableLifecycleStrategy.stopComponent(StartableLifecycleStrategy.java:113)
	at org.picocontainer.lifecycle.StartableLifecycleStrategy.stop(StartableLifecycleStrategy.java:126)
	at org.picocontainer.injectors.AbstractInjectionFactory$LifecycleAdapter.stop(AbstractInjectionFactory.java:88)
	at org.picocontainer.behaviors.AbstractBehavior.stop(AbstractBehavior.java:179)
	at org.picocontainer.behaviors.Stored$RealComponentLifecycle.stop(Stored.java:141)
	at org.picocontainer.behaviors.Stored.stop(Stored.java:118)
	at org.picocontainer.DefaultPicoContainer.stopAdapters(DefaultPicoContainer.java:1036)
	at org.picocontainer.DefaultPicoContainer.stop(DefaultPicoContainer.java:791)
	at de.fu_berlin.inf.dpp.project.internal.SarosSession.stop(SarosSession.java:639)
	at de.fu_berlin.inf.dpp.project.SarosSessionManager.stopSarosSession(SarosSessionManager.java:340)
	at de.fu_berlin.inf.dpp.Saros$1.run(Saros.java:303)
	at de.fu_berlin.inf.dpp.util.ThreadUtils$1.run(ThreadUtils.java:38)
	at java.lang.Thread.run(Unknown Source)
DEBUG 2019-03-13 10:51:57,144 (ActivityHandler.java:109) activity dispatcher stopped
INFO  2019-03-13 10:51:57,144 (FeedbackManager.java:104) Session lasted 3 min 8 s
DEBUG 2019-03-13 10:51:57,145 (FollowModeCollector.java:177) Processing follow mode changes took 0.0 s
DEBUG 2019-03-13 10:51:57,146 (TextEditCollector.java:381) Processing text edits took 0.0 s
INFO  2019-03-13 10:51:57,147 (ParticipantCollector.java:145) Session ended: Current number of participants: 2
DEBUG 2019-03-13 10:51:57,223 (StatisticManager.java:329) Session statistic:
  auto.followmode.enabled=false
  data_transfer.SOCKS5 (D).average_throughput_kbs=0.7
  data_transfer.SOCKS5 (D).number_of_events=237
  data_transfer.SOCKS5 (D).total_size_kb=51
  data_transfer.SOCKS5 (D).total_time_ms=71099
  feedback.disabled=false
  feedback.survey.interval=5
  followmode.time.percent=0
  followmode.time.total=0.0
  followmode.toggles=0
  gesture.count=0
  java.version=1.8.0_201
  jumped.count=0
  jumped.driver.count=0
  jumped.observer.count=0
  observer.selection.count.witnessed=0
  observer.selection.count=0
  os.name=Windows 10
  platform.version=3.12.0.v20160606-1342
  random.user.id=2019-03-13_10-51-57_1840515792
  role.1.duration=3.14
  role.1=write_access
  role.changes=0
  role.driver.duration=3.14
  role.driver.percent=100
  role.observer.duration=0.0
  role.observer.percent=0
  saros.version=14.10.31
  session.count=1
  session.id=820189562
  session.local.start=2019-03-13T09:51:57Z
  session.shared.project.complete.count=1
  session.shared.project.partial.count=0
  session.shared.project.partial.files.count=0
  session.time.users.1.percent=6
  session.time.users.1=0.19
  session.time.users.2.percent=94
  session.time.users.2=2.95
  session.time=3.14
  session.users.total=2
  textedits.chars=37
  textedits.count=37
  textedits.nonparallel.chars=23
  textedits.nonparallel.percent=62
  textedits.parallel.interval.10.chars=4
  textedits.parallel.interval.10.count=4
  textedits.parallel.interval.10.percent=11
  textedits.parallel.interval.5.chars=10
  textedits.parallel.interval.5.count=10
  textedits.parallel.interval.5.percent=27
  textedits.pastes.chars=0
  textedits.pastes=0
  textedits.remote.user.1.chars=17
  textedits.remote.user.1.pastes.chars=0
  textedits.remote.user.1.pastes=0
  user.is.host=true
INFO  2019-03-13 10:51:57,225 (StatisticManager.java:243) User does not allow to submit session statistics
WARN  2019-03-13 10:51:57,227 (SWTUtils.java:193) could not execute runnable de.fu_berlin.inf.dpp.editor.EditorManager$3$1@24032716, UI thread is not available
StackTrace:
	at de.fu_berlin.inf.dpp.ui.util.SWTUtils.runSafeSWTSync(SWTUtils.java:194)
	at de.fu_berlin.inf.dpp.editor.EditorManager$3.execute(EditorManager.java:262)
	at de.fu_berlin.inf.dpp.editor.EditorManager$3.unblock(EditorManager.java:253)
	at de.fu_berlin.inf.dpp.synchronize.StopManager.lockSession(StopManager.java:408)
	at de.fu_berlin.inf.dpp.synchronize.StopManager.stop(StopManager.java:579)
	at sun.reflect.GeneratedMethodAccessor59.invoke(Unknown Source)
	at sun.reflect.DelegatingMethodAccessorImpl.invoke(Unknown Source)
	at java.lang.reflect.Method.invoke(Unknown Source)
	at org.picocontainer.lifecycle.StartableLifecycleStrategy.doLifecycleMethod(StartableLifecycleStrategy.java:101)
	at org.picocontainer.lifecycle.StartableLifecycleStrategy.stopComponent(StartableLifecycleStrategy.java:113)
	at org.picocontainer.lifecycle.StartableLifecycleStrategy.stop(StartableLifecycleStrategy.java:126)
	at org.picocontainer.injectors.AbstractInjectionFactory$LifecycleAdapter.stop(AbstractInjectionFactory.java:88)
	at org.picocontainer.behaviors.AbstractBehavior.stop(AbstractBehavior.java:179)
	at org.picocontainer.behaviors.Stored$RealComponentLifecycle.stop(Stored.java:141)
	at org.picocontainer.behaviors.Stored.stop(Stored.java:118)
	at org.picocontainer.DefaultPicoContainer.stopAdapters(DefaultPicoContainer.java:1036)
	at org.picocontainer.DefaultPicoContainer.stop(DefaultPicoContainer.java:791)
	at de.fu_berlin.inf.dpp.project.internal.SarosSession.stop(SarosSession.java:639)
	at de.fu_berlin.inf.dpp.project.SarosSessionManager.stopSarosSession(SarosSessionManager.java:340)
	at de.fu_berlin.inf.dpp.Saros$1.run(Saros.java:303)
	at de.fu_berlin.inf.dpp.util.ThreadUtils$1.run(ThreadUtils.java:38)
	at java.lang.Thread.run(Unknown Source)
DEBUG 2019-03-13 10:51:57,350 (BinaryChannelConnection.java:109) [mode=SOCKS5 (D), id=saros-main-session] adei@saros-con.imp.fu-berlin.de/Saros connection closed locally: socket closed
DEBUG 2019-03-13 10:51:57,351 (DataTransferManager.java:336) closed connection [pool id=saros-main-session:in:adei@saros-con.imp.fu-berlin.de/Saros]: [mode=SOCKS5 (D), id=saros-main-session] adei@saros-con.imp.fu-berlin.de/Saros
DEBUG 2019-03-13 10:51:57,352 (XStreamExtensionProvider.java:169) Unregistering (resetting) converter of class de.fu_berlin.inf.dpp.misc.xstream.SPathConverter
DEBUG 2019-03-13 10:51:57,354 (XStreamExtensionProvider.java:216) Unregistering (resetting) converter of class de.fu_berlin.inf.dpp.misc.xstream.UserConverter
WARN  2019-03-13 10:51:57,355 (SWTUtils.java:193) could not execute runnable de.fu_berlin.inf.dpp.editor.EditorManager$5$2@6f53633e, UI thread is not available
StackTrace:
	at de.fu_berlin.inf.dpp.ui.util.SWTUtils.runSafeSWTSync(SWTUtils.java:194)
	at de.fu_berlin.inf.dpp.editor.EditorManager$5.sessionEnded(EditorManager.java:358)
	at de.fu_berlin.inf.dpp.project.SarosSessionManager.sessionEnded(SarosSessionManager.java:711)
	at de.fu_berlin.inf.dpp.project.SarosSessionManager.stopSarosSession(SarosSessionManager.java:347)
	at de.fu_berlin.inf.dpp.Saros$1.run(Saros.java:303)
	at de.fu_berlin.inf.dpp.util.ThreadUtils$1.run(ThreadUtils.java:38)
	at java.lang.Thread.run(Unknown Source)
WARN  2019-03-13 10:51:57,362 (SWTUtils.java:144) could not execute runnable de.fu_berlin.inf.dpp.ui.views.SarosView$11@1aef8d25, UI thread is not available
StackTrace:
	at de.fu_berlin.inf.dpp.ui.util.SWTUtils.runSafeSWTAsync(SWTUtils.java:145)
	at de.fu_berlin.inf.dpp.ui.views.SarosView.clearNotifications(SarosView.java:695)
	at de.fu_berlin.inf.dpp.ui.eventhandler.HostLeftAloneInSessionHandler$1.sessionEnded(HostLeftAloneInSessionHandler.java:46)
	at de.fu_berlin.inf.dpp.project.SarosSessionManager.sessionEnded(SarosSessionManager.java:711)
	at de.fu_berlin.inf.dpp.project.SarosSessionManager.stopSarosSession(SarosSessionManager.java:347)
	at de.fu_berlin.inf.dpp.Saros$1.run(Saros.java:303)
	at de.fu_berlin.inf.dpp.util.ThreadUtils$1.run(ThreadUtils.java:38)
	at java.lang.Thread.run(Unknown Source)
DEBUG 2019-03-13 10:51:57,367 (DocumentRecord.java:93) Added Node: attr(155247071736716169) name=svg
INFO  2019-03-13 10:51:57,368 (SarosSessionManager.java:351) session stopped
DEBUG 2019-03-13 10:51:57,370 (XMPPConnectionService.java:398) ander@saros-con.imp.fu-berlin.de/Saros new connection state == DISCONNECTING
DEBUG 2019-03-13 10:51:57,373 (BinaryChannelConnection.java:109) [mode=SOCKS5 (D), id=default] adei@saros-con.imp.fu-berlin.de/Saros connection closed locally: Socket closed
DEBUG 2019-03-13 10:51:57,373 (ConnectionPool.java:52) closed connection [id=default:out:adei@saros-con.imp.fu-berlin.de/Saros]: [mode=SOCKS5 (D), id=default] adei@saros-con.imp.fu-berlin.de/Saros
DEBUG 2019-03-13 10:51:57,530 (XMPPConnectionService.java:398)  new connection state == NOT_CONNECTED
DEBUG 2019-03-13 10:51:57,532 (UPnPServiceImpl.java:295) deleting existing port mappings
