WARN  2019-03-13 10:44:50,979 (StunServiceImpl.java:420) received no response from STUN server stunserver.org/67.227.226.240:3478 at local address /10.109.209.212:0
WARN  2019-03-13 10:49:15,862 (Socks5Transport.java:544) [SOCKS5Transport] could not establish a connection to adei@saros-con.imp.fu-berlin.de/Saros, remote side could not connect to any offered stream hosts: item-not-found(404) Could not establish socket with any provided host
WARN  2019-03-13 10:51:57,133 (SWTUtils.java:144) could not execute runnable de.fu_berlin.inf.dpp.ui.actions.RemoveUserAction$2$2@2e1a8f8c, UI thread is not available
StackTrace:
	at de.fu_berlin.inf.dpp.ui.util.SWTUtils.runSafeSWTAsync(SWTUtils.java:145)
	at de.fu_berlin.inf.dpp.ui.actions.RemoveUserAction$2.sessionEnding(RemoveUserAction.java:64)
	at de.fu_berlin.inf.dpp.project.SarosSessionManager.sessionEnding(SarosSessionManager.java:701)
	at de.fu_berlin.inf.dpp.project.SarosSessionManager.stopSarosSession(SarosSessionManager.java:335)
	at de.fu_berlin.inf.dpp.Saros$1.run(Saros.java:303)
	at de.fu_berlin.inf.dpp.util.ThreadUtils$1.run(ThreadUtils.java:38)
	at java.lang.Thread.run(Unknown Source)
WARN  2019-03-13 10:51:57,140 (SWTSynchronizer.java:55) could not execute runnable de.fu_berlin.inf.dpp.concurrent.watchdog.ConsistencyWatchdogServer$2@17002252, UI thread is not available
StackTrace:
	at de.fu_berlin.inf.dpp.synchronize.internal.SWTSynchronizer.exec(SWTSynchronizer.java:56)
	at de.fu_berlin.inf.dpp.synchronize.internal.SWTSynchronizer.asyncExec(SWTSynchronizer.java:20)
	at de.fu_berlin.inf.dpp.concurrent.watchdog.ConsistencyWatchdogServer.stop(ConsistencyWatchdogServer.java:145)
	at sun.reflect.NativeMethodAccessorImpl.invoke0(Native Method)
	at sun.reflect.NativeMethodAccessorImpl.invoke(Unknown Source)
	at sun.reflect.DelegatingMethodAccessorImpl.invoke(Unknown Source)
	at java.lang.reflect.Method.invoke(Unknown Source)
	at org.picocontainer.lifecycle.StartableLifecycleStrategy.doLifecycleMethod(StartableLifecycleStrategy.java:101)
	at org.picocontainer.lifecycle.StartableLifecycleStrategy.stopComponent(StartableLifecycleStrategy.java:113)
	at org.picocontainer.lifecycle.StartableLifecycleStrategy.stop(StartableLifecycleStrategy.java:126)
	at org.picocontainer.injectors.AbstractInjectionFactory$LifecycleAdapter.stop(AbstractInjectionFactory.java:88)
	at org.picocontainer.behaviors.AbstractBehavior.stop(AbstractBehavior.java:179)
	at org.picocontainer.behaviors.Stored$RealComponentLifecycle.stop(Stored.java:141)
	at org.picocontainer.behaviors.Stored.stop(Stored.java:118)
	at org.picocontainer.DefaultPicoContainer.stopAdapters(DefaultPicoContainer.java:1036)
	at org.picocontainer.DefaultPicoContainer.stop(DefaultPicoContainer.java:791)
	at de.fu_berlin.inf.dpp.project.internal.SarosSession.stop(SarosSession.java:639)
	at de.fu_berlin.inf.dpp.project.SarosSessionManager.stopSarosSession(SarosSessionManager.java:340)
	at de.fu_berlin.inf.dpp.Saros$1.run(Saros.java:303)
	at de.fu_berlin.inf.dpp.util.ThreadUtils$1.run(ThreadUtils.java:38)
	at java.lang.Thread.run(Unknown Source)
WARN  2019-03-13 10:51:57,227 (SWTUtils.java:193) could not execute runnable de.fu_berlin.inf.dpp.editor.EditorManager$3$1@24032716, UI thread is not available
StackTrace:
	at de.fu_berlin.inf.dpp.ui.util.SWTUtils.runSafeSWTSync(SWTUtils.java:194)
	at de.fu_berlin.inf.dpp.editor.EditorManager$3.execute(EditorManager.java:262)
	at de.fu_berlin.inf.dpp.editor.EditorManager$3.unblock(EditorManager.java:253)
	at de.fu_berlin.inf.dpp.synchronize.StopManager.lockSession(StopManager.java:408)
	at de.fu_berlin.inf.dpp.synchronize.StopManager.stop(StopManager.java:579)
	at sun.reflect.GeneratedMethodAccessor59.invoke(Unknown Source)
	at sun.reflect.DelegatingMethodAccessorImpl.invoke(Unknown Source)
	at java.lang.reflect.Method.invoke(Unknown Source)
	at org.picocontainer.lifecycle.StartableLifecycleStrategy.doLifecycleMethod(StartableLifecycleStrategy.java:101)
	at org.picocontainer.lifecycle.StartableLifecycleStrategy.stopComponent(StartableLifecycleStrategy.java:113)
	at org.picocontainer.lifecycle.StartableLifecycleStrategy.stop(StartableLifecycleStrategy.java:126)
	at org.picocontainer.injectors.AbstractInjectionFactory$LifecycleAdapter.stop(AbstractInjectionFactory.java:88)
	at org.picocontainer.behaviors.AbstractBehavior.stop(AbstractBehavior.java:179)
	at org.picocontainer.behaviors.Stored$RealComponentLifecycle.stop(Stored.java:141)
	at org.picocontainer.behaviors.Stored.stop(Stored.java:118)
	at org.picocontainer.DefaultPicoContainer.stopAdapters(DefaultPicoContainer.java:1036)
	at org.picocontainer.DefaultPicoContainer.stop(DefaultPicoContainer.java:791)
	at de.fu_berlin.inf.dpp.project.internal.SarosSession.stop(SarosSession.java:639)
	at de.fu_berlin.inf.dpp.project.SarosSessionManager.stopSarosSession(SarosSessionManager.java:340)
	at de.fu_berlin.inf.dpp.Saros$1.run(Saros.java:303)
	at de.fu_berlin.inf.dpp.util.ThreadUtils$1.run(ThreadUtils.java:38)
	at java.lang.Thread.run(Unknown Source)
WARN  2019-03-13 10:51:57,355 (SWTUtils.java:193) could not execute runnable de.fu_berlin.inf.dpp.editor.EditorManager$5$2@6f53633e, UI thread is not available
StackTrace:
	at de.fu_berlin.inf.dpp.ui.util.SWTUtils.runSafeSWTSync(SWTUtils.java:194)
	at de.fu_berlin.inf.dpp.editor.EditorManager$5.sessionEnded(EditorManager.java:358)
	at de.fu_berlin.inf.dpp.project.SarosSessionManager.sessionEnded(SarosSessionManager.java:711)
	at de.fu_berlin.inf.dpp.project.SarosSessionManager.stopSarosSession(SarosSessionManager.java:347)
	at de.fu_berlin.inf.dpp.Saros$1.run(Saros.java:303)
	at de.fu_berlin.inf.dpp.util.ThreadUtils$1.run(ThreadUtils.java:38)
	at java.lang.Thread.run(Unknown Source)
WARN  2019-03-13 10:51:57,362 (SWTUtils.java:144) could not execute runnable de.fu_berlin.inf.dpp.ui.views.SarosView$11@1aef8d25, UI thread is not available
StackTrace:
	at de.fu_berlin.inf.dpp.ui.util.SWTUtils.runSafeSWTAsync(SWTUtils.java:145)
	at de.fu_berlin.inf.dpp.ui.views.SarosView.clearNotifications(SarosView.java:695)
	at de.fu_berlin.inf.dpp.ui.eventhandler.HostLeftAloneInSessionHandler$1.sessionEnded(HostLeftAloneInSessionHandler.java:46)
	at de.fu_berlin.inf.dpp.project.SarosSessionManager.sessionEnded(SarosSessionManager.java:711)
	at de.fu_berlin.inf.dpp.project.SarosSessionManager.stopSarosSession(SarosSessionManager.java:347)
	at de.fu_berlin.inf.dpp.Saros$1.run(Saros.java:303)
	at de.fu_berlin.inf.dpp.util.ThreadUtils$1.run(ThreadUtils.java:38)
	at java.lang.Thread.run(Unknown Source)
