INFO  2019-04-21 18:52:23,857 (Saros.java:220) Starting Saros 14.10.31 running:
  Java Version: 1.8.0_201
  Java Vendor: Oracle Corporation
  Eclipse Runtime Version: 3.12.0.v20160606-1342
  Operating System: Windows 10 (10.0)
  Hardware Architecture: amd64
INFO  2019-04-21 18:52:23,937 (SarosContext.java:153) creating Saros runtime context...
DEBUG 2019-04-21 18:52:24,069 (XMPPAccountStore.java:117) loading accounts from file: C:\Users\ANDER\.saros\config.dat
DEBUG 2019-04-21 18:52:25,431 (XMPPAccountStore.java:176) loaded 1 account(s)
INFO  2019-04-21 18:52:25,831 (SarosContext.java:199) successfully created Saros runtime context
DEBUG 2019-04-21 18:52:25,890 (DataTransferManager.java:467) used transport order for the current XMPP connection: [XMPP-Socks5-Transport, XMPP-IBB-Transport]
INFO  2019-04-21 18:52:25,987 (PreferenceInitializer.java:50) initializing preference default values
DEBUG 2019-04-21 18:52:26,104 (SarosAnnotation.java:117) resetting annotation colors
DEBUG 2019-04-21 18:52:26,128 (Saros.java:430) skipping conversion of old XMPP accounts, because there are already new ones
DEBUG 2019-04-21 18:53:02,542 (WhiteboardManager.java:194) WhiteboardManager instantiated
DEBUG 2019-04-21 18:53:02,599 (DocumentRecord.java:93) Added Node: attr(155586558258786550) name=svg
DEBUG 2019-04-21 18:53:02,858 (XMPPConnectionService.java:439) started Socks5 proxy on port: 7777 [listening on all interfaces]
DEBUG 2019-04-21 18:53:03,551 (XMPPConnectionService.java:459) using autodetected addresses: [192.168.8.105, fe80:0:0:0:708f:1a65:98e3:a1df%wlan0]
DEBUG 2019-04-21 18:53:03,568 (XMPPConnectionService.java:398)  new connection state == CONNECTING
DEBUG 2019-04-21 18:53:06,387 (XMPPConnectionService.java:398) ander@saros-con.imp.fu-berlin.de/Saros new connection state == CONNECTED
DEBUG 2019-04-21 18:53:06,388 (DataTransferManager.java:467) used transport order for the current XMPP connection: [XMPP-Socks5-Transport, XMPP-IBB-Transport]
DEBUG 2019-04-21 18:53:06,442 (SkypeManager.java:289) Refreshing Skype username cache...
WARN  2019-04-21 18:53:14,871 (StunServiceImpl.java:420) received no response from STUN server stunserver.org/67.227.226.240:3478 at local address /192.168.8.105:0
DEBUG 2019-04-21 19:10:09,153 (SharedDocumentProvider.java:77) SharedDocumentProvider created by Eclipse
DEBUG 2019-04-21 19:45:22,497 (DiscoveryManager.java:382) Inserted DiscoveryInfo into Cache for: adei@saros-con.imp.fu-berlin.de/Saros
DEBUG 2019-04-21 19:51:38,096 (DiscoveryManager.java:98) clearing cache entry of contact adei@saros-con.imp.fu-berlin.de/Saros: <query xmlns="http://jabber.org/protocol/disco#info"><identity category="client" name="Smack" type="pc"/><feature var="http://jabber.org/protocol/disco#items"/><feature var="urn:xmpp:ping"/><feature var="jabber:iq:last"/><feature var="http://jabber.org/protocol/commands"/><feature var="http://jabber.org/protocol/muc"/><feature var="http://jabber.org/protocol/bytestreams"/><feature var="http://jabber.org/protocol/xhtml-im"/><feature var="de.fu_berlin.inf.dpp"/><feature var="http://jabber.org/protocol/chatstates"/><feature var="http://jabber.org/protocol/disco#info"/></query>
DEBUG 2019-04-21 19:52:08,301 (DiscoveryManager.java:382) Inserted DiscoveryInfo into Cache for: adei@saros-con.imp.fu-berlin.de/Saros
DEBUG 2019-04-21 20:09:29,632 (XMPPConnectionService.java:398) ander@saros-con.imp.fu-berlin.de/Saros new connection state == DISCONNECTING
DEBUG 2019-04-21 20:09:29,789 (XMPPConnectionService.java:398)  new connection state == NOT_CONNECTED
DEBUG 2019-04-21 20:09:29,792 (UPnPServiceImpl.java:295) deleting existing port mappings
