INFO  2019-04-03 08:32:04,890 (Saros.java:220) Starting Saros 14.10.31 running:
  Java Version: 1.8.0_201
  Java Vendor: Oracle Corporation
  Eclipse Runtime Version: 3.12.0.v20160606-1342
  Operating System: Windows 10 (10.0)
  Hardware Architecture: amd64
INFO  2019-04-03 08:32:04,985 (SarosContext.java:153) creating Saros runtime context...
DEBUG 2019-04-03 08:32:05,144 (XMPPAccountStore.java:117) loading accounts from file: C:\Users\ANDER\.saros\config.dat
DEBUG 2019-04-03 08:32:06,517 (XMPPAccountStore.java:176) loaded 1 account(s)
INFO  2019-04-03 08:32:06,925 (SarosContext.java:199) successfully created Saros runtime context
DEBUG 2019-04-03 08:32:06,987 (DataTransferManager.java:467) used transport order for the current XMPP connection: [XMPP-Socks5-Transport, XMPP-IBB-Transport]
INFO  2019-04-03 08:32:07,025 (PreferenceInitializer.java:50) initializing preference default values
DEBUG 2019-04-03 08:32:07,134 (SarosAnnotation.java:117) resetting annotation colors
DEBUG 2019-04-03 08:32:07,150 (Saros.java:430) skipping conversion of old XMPP accounts, because there are already new ones
DEBUG 2019-04-03 08:32:48,835 (WhiteboardManager.java:194) WhiteboardManager instantiated
DEBUG 2019-04-03 08:32:48,888 (DocumentRecord.java:93) Added Node: attr(155427676887566453) name=svg
DEBUG 2019-04-03 08:32:49,986 (XMPPConnectionService.java:439) started Socks5 proxy on port: 7777 [listening on all interfaces]
DEBUG 2019-04-03 08:32:52,053 (XMPPConnectionService.java:459) using autodetected addresses: [10.109.209.212, fe80:0:0:0:708f:1a65:98e3:a1df%wlan0]
DEBUG 2019-04-03 08:32:52,074 (XMPPConnectionService.java:398)  new connection state == CONNECTING
DEBUG 2019-04-03 08:32:53,670 (XMPPConnectionService.java:398) ander@saros-con.imp.fu-berlin.de/Saros new connection state == CONNECTED
DEBUG 2019-04-03 08:32:53,670 (DataTransferManager.java:467) used transport order for the current XMPP connection: [XMPP-Socks5-Transport, XMPP-IBB-Transport]
DEBUG 2019-04-03 08:32:53,673 (SkypeManager.java:289) Refreshing Skype username cache...
WARN  2019-04-03 08:33:02,753 (StunServiceImpl.java:420) received no response from STUN server stunserver.org/67.227.226.240:3478 at local address /10.109.209.212:0
DEBUG 2019-04-03 08:37:16,484 (SharedDocumentProvider.java:77) SharedDocumentProvider created by Eclipse
DEBUG 2019-04-03 08:46:02,019 (XMPPConnectionService.java:398) ander@saros-con.imp.fu-berlin.de/Saros new connection state == DISCONNECTING
DEBUG 2019-04-03 08:46:02,178 (XMPPConnectionService.java:398)  new connection state == NOT_CONNECTED
DEBUG 2019-04-03 08:46:02,180 (UPnPServiceImpl.java:295) deleting existing port mappings
