WARN  2019-04-03 08:46:49,785 (StunServiceImpl.java:420) received no response from STUN server stunserver.org/67.227.226.240:3478 at local address /10.109.209.212:0
WARN  2019-04-03 08:50:40,396 (SWTUtils.java:144) could not execute runnable de.fu_berlin.inf.dpp.serviceProviders.SarosSourceProvider$3@713687fd, UI thread is not available
StackTrace:
	at de.fu_berlin.inf.dpp.ui.util.SWTUtils.runSafeSWTAsync(SWTUtils.java:145)
	at de.fu_berlin.inf.dpp.serviceProviders.SarosSourceProvider.connectionChanged(SarosSourceProvider.java:124)
	at de.fu_berlin.inf.dpp.serviceProviders.SarosSourceProvider.access$0(SarosSourceProvider.java:123)
	at de.fu_berlin.inf.dpp.serviceProviders.SarosSourceProvider$1.connectionStateChanged(SarosSourceProvider.java:70)
	at de.fu_berlin.inf.dpp.communication.connection.ConnectionHandler.setConnectionState(ConnectionHandler.java:397)
	at de.fu_berlin.inf.dpp.communication.connection.ConnectionHandler.access$1(ConnectionHandler.java:389)
	at de.fu_berlin.inf.dpp.communication.connection.ConnectionHandler$1.connectionStateChanged(ConnectionHandler.java:79)
	at de.fu_berlin.inf.dpp.net.xmpp.XMPPConnectionService.setConnectionState(XMPPConnectionService.java:405)
	at de.fu_berlin.inf.dpp.net.xmpp.XMPPConnectionService.disconnect(XMPPConnectionService.java:304)
	at de.fu_berlin.inf.dpp.communication.connection.ConnectionHandler.disconnectXMPPInternal(ConnectionHandler.java:225)
	at de.fu_berlin.inf.dpp.communication.connection.ConnectionHandler.disconnect(ConnectionHandler.java:211)
	at de.fu_berlin.inf.dpp.Saros$1.run(Saros.java:304)
	at de.fu_berlin.inf.dpp.util.ThreadUtils$1.run(ThreadUtils.java:38)
	at java.lang.Thread.run(Unknown Source)
WARN  2019-04-03 08:50:40,566 (SWTUtils.java:144) could not execute runnable de.fu_berlin.inf.dpp.serviceProviders.SarosSourceProvider$3@798a8820, UI thread is not available
StackTrace:
	at de.fu_berlin.inf.dpp.ui.util.SWTUtils.runSafeSWTAsync(SWTUtils.java:145)
	at de.fu_berlin.inf.dpp.serviceProviders.SarosSourceProvider.connectionChanged(SarosSourceProvider.java:124)
	at de.fu_berlin.inf.dpp.serviceProviders.SarosSourceProvider.access$0(SarosSourceProvider.java:123)
	at de.fu_berlin.inf.dpp.serviceProviders.SarosSourceProvider$1.connectionStateChanged(SarosSourceProvider.java:70)
	at de.fu_berlin.inf.dpp.communication.connection.ConnectionHandler.setConnectionState(ConnectionHandler.java:397)
	at de.fu_berlin.inf.dpp.communication.connection.ConnectionHandler.access$1(ConnectionHandler.java:389)
	at de.fu_berlin.inf.dpp.communication.connection.ConnectionHandler$1.connectionStateChanged(ConnectionHandler.java:79)
	at de.fu_berlin.inf.dpp.net.xmpp.XMPPConnectionService.setConnectionState(XMPPConnectionService.java:405)
	at de.fu_berlin.inf.dpp.net.xmpp.XMPPConnectionService.disconnect(XMPPConnectionService.java:308)
	at de.fu_berlin.inf.dpp.communication.connection.ConnectionHandler.disconnectXMPPInternal(ConnectionHandler.java:225)
	at de.fu_berlin.inf.dpp.communication.connection.ConnectionHandler.disconnect(ConnectionHandler.java:211)
	at de.fu_berlin.inf.dpp.Saros$1.run(Saros.java:304)
	at de.fu_berlin.inf.dpp.util.ThreadUtils$1.run(ThreadUtils.java:38)
	at java.lang.Thread.run(Unknown Source)
