INFO  2019-04-20 18:20:22,335 (Saros.java:220) Starting Saros 14.10.31 running:
  Java Version: 1.8.0_201
  Java Vendor: Oracle Corporation
  Eclipse Runtime Version: 3.12.0.v20160606-1342
  Operating System: Windows 10 (10.0)
  Hardware Architecture: amd64
INFO  2019-04-20 18:20:22,504 (SarosContext.java:153) creating Saros runtime context...
DEBUG 2019-04-20 18:20:22,617 (XMPPAccountStore.java:117) loading accounts from file: C:\Users\ANDER\.saros\config.dat
DEBUG 2019-04-20 18:20:23,841 (XMPPAccountStore.java:176) loaded 1 account(s)
INFO  2019-04-20 18:20:24,286 (SarosContext.java:199) successfully created Saros runtime context
DEBUG 2019-04-20 18:20:24,328 (DataTransferManager.java:467) used transport order for the current XMPP connection: [XMPP-Socks5-Transport, XMPP-IBB-Transport]
INFO  2019-04-20 18:20:24,385 (PreferenceInitializer.java:50) initializing preference default values
DEBUG 2019-04-20 18:20:24,474 (SarosAnnotation.java:117) resetting annotation colors
DEBUG 2019-04-20 18:20:24,518 (Saros.java:430) skipping conversion of old XMPP accounts, because there are already new ones
DEBUG 2019-04-20 18:20:39,390 (SharedDocumentProvider.java:77) SharedDocumentProvider created by Eclipse
DEBUG 2019-04-20 18:22:40,868 (WhiteboardManager.java:194) WhiteboardManager instantiated
DEBUG 2019-04-20 18:22:41,059 (DocumentRecord.java:93) Added Node: attr(155577736105154960) name=svg
DEBUG 2019-04-20 18:22:42,521 (XMPPConnectionService.java:439) started Socks5 proxy on port: 7777 [listening on all interfaces]
DEBUG 2019-04-20 18:22:43,837 (XMPPConnectionService.java:459) using autodetected addresses: [192.168.8.106, fe80:0:0:0:708f:1a65:98e3:a1df%wlan0]
DEBUG 2019-04-20 18:22:43,994 (XMPPConnectionService.java:398)  new connection state == CONNECTING
DEBUG 2019-04-20 18:22:48,375 (XMPPConnectionService.java:398) ander@saros-con.imp.fu-berlin.de/Saros new connection state == CONNECTED
DEBUG 2019-04-20 18:22:48,376 (DataTransferManager.java:467) used transport order for the current XMPP connection: [XMPP-Socks5-Transport, XMPP-IBB-Transport]
DEBUG 2019-04-20 18:22:48,379 (SkypeManager.java:289) Refreshing Skype username cache...
WARN  2019-04-20 18:22:56,020 (StunServiceImpl.java:420) received no response from STUN server stunserver.org/67.227.226.240:3478 at local address /192.168.8.106:0
ERROR 2019-04-20 19:00:35,042 (XMPPConnectionService.java:101) XMPP connection error: 
java.net.SocketException: Software caused connection abort: recv failed
	at java.net.SocketInputStream.socketRead0(Native Method)
	at java.net.SocketInputStream.socketRead(Unknown Source)
	at java.net.SocketInputStream.read(Unknown Source)
	at java.net.SocketInputStream.read(Unknown Source)
	at sun.security.ssl.InputRecord.readFully(Unknown Source)
	at sun.security.ssl.InputRecord.read(Unknown Source)
	at sun.security.ssl.SSLSocketImpl.readRecord(Unknown Source)
	at sun.security.ssl.SSLSocketImpl.readDataRecord(Unknown Source)
	at sun.security.ssl.AppInputStream.read(Unknown Source)
	at sun.nio.cs.StreamDecoder.readBytes(Unknown Source)
	at sun.nio.cs.StreamDecoder.implRead(Unknown Source)
	at sun.nio.cs.StreamDecoder.read(Unknown Source)
	at java.io.InputStreamReader.read(Unknown Source)
	at java.io.BufferedReader.fill(Unknown Source)
	at java.io.BufferedReader.read1(Unknown Source)
	at java.io.BufferedReader.read(Unknown Source)
	at org.xmlpull.mxp1.MXParser.fillBuf(MXParser.java:2992)
	at org.xmlpull.mxp1.MXParser.more(MXParser.java:3046)
	at org.xmlpull.mxp1.MXParser.nextImpl(MXParser.java:1144)
	at org.xmlpull.mxp1.MXParser.next(MXParser.java:1093)
	at org.jivesoftware.smack.PacketReader.parsePackets(PacketReader.java:312)
	at org.jivesoftware.smack.PacketReader.access$000(PacketReader.java:48)
	at org.jivesoftware.smack.PacketReader$1.run(PacketReader.java:76)
ERROR 2019-04-20 19:00:35,069 (XMPPConnectionService.java:400)  new connection state == ERROR
java.net.SocketException: Software caused connection abort: recv failed
	at java.net.SocketInputStream.socketRead0(Native Method)
	at java.net.SocketInputStream.socketRead(Unknown Source)
	at java.net.SocketInputStream.read(Unknown Source)
	at java.net.SocketInputStream.read(Unknown Source)
	at sun.security.ssl.InputRecord.readFully(Unknown Source)
	at sun.security.ssl.InputRecord.read(Unknown Source)
	at sun.security.ssl.SSLSocketImpl.readRecord(Unknown Source)
	at sun.security.ssl.SSLSocketImpl.readDataRecord(Unknown Source)
	at sun.security.ssl.AppInputStream.read(Unknown Source)
	at sun.nio.cs.StreamDecoder.readBytes(Unknown Source)
	at sun.nio.cs.StreamDecoder.implRead(Unknown Source)
	at sun.nio.cs.StreamDecoder.read(Unknown Source)
	at java.io.InputStreamReader.read(Unknown Source)
	at java.io.BufferedReader.fill(Unknown Source)
	at java.io.BufferedReader.read1(Unknown Source)
	at java.io.BufferedReader.read(Unknown Source)
	at org.xmlpull.mxp1.MXParser.fillBuf(MXParser.java:2992)
	at org.xmlpull.mxp1.MXParser.more(MXParser.java:3046)
	at org.xmlpull.mxp1.MXParser.nextImpl(MXParser.java:1144)
	at org.xmlpull.mxp1.MXParser.next(MXParser.java:1093)
	at org.jivesoftware.smack.PacketReader.parsePackets(PacketReader.java:312)
	at org.jivesoftware.smack.PacketReader.access$000(PacketReader.java:48)
	at org.jivesoftware.smack.PacketReader$1.run(PacketReader.java:76)
DEBUG 2019-04-20 19:00:35,085 (XMPPConnectionService.java:398)  new connection state == NOT_CONNECTED
DEBUG 2019-04-20 21:03:38,699 (UPnPServiceImpl.java:295) deleting existing port mappings
