INFO  2019-04-18 11:57:01,593 (Saros.java:220) Starting Saros 14.10.31 running:
  Java Version: 1.8.0_201
  Java Vendor: Oracle Corporation
  Eclipse Runtime Version: 3.12.0.v20160606-1342
  Operating System: Windows 10 (10.0)
  Hardware Architecture: amd64
INFO  2019-04-18 11:57:01,674 (SarosContext.java:153) creating Saros runtime context...
DEBUG 2019-04-18 11:57:01,799 (XMPPAccountStore.java:117) loading accounts from file: C:\Users\ANDER\.saros\config.dat
DEBUG 2019-04-18 11:57:03,014 (XMPPAccountStore.java:176) loaded 1 account(s)
INFO  2019-04-18 11:57:03,434 (SarosContext.java:199) successfully created Saros runtime context
DEBUG 2019-04-18 11:57:03,492 (DataTransferManager.java:467) used transport order for the current XMPP connection: [XMPP-Socks5-Transport, XMPP-IBB-Transport]
INFO  2019-04-18 11:57:03,573 (PreferenceInitializer.java:50) initializing preference default values
DEBUG 2019-04-18 11:57:03,663 (SarosAnnotation.java:117) resetting annotation colors
DEBUG 2019-04-18 11:57:03,709 (Saros.java:430) skipping conversion of old XMPP accounts, because there are already new ones
DEBUG 2019-04-18 11:57:31,458 (WhiteboardManager.java:194) WhiteboardManager instantiated
DEBUG 2019-04-18 11:57:31,480 (DocumentRecord.java:93) Added Node: attr(155558145147616663) name=svg
DEBUG 2019-04-18 11:57:32,379 (XMPPConnectionService.java:439) started Socks5 proxy on port: 7777 [listening on all interfaces]
DEBUG 2019-04-18 11:57:34,263 (XMPPConnectionService.java:459) using autodetected addresses: [192.168.1.34, fe80:0:0:0:708f:1a65:98e3:a1df%wlan0]
DEBUG 2019-04-18 11:57:34,316 (XMPPConnectionService.java:398)  new connection state == CONNECTING
DEBUG 2019-04-18 11:57:35,664 (XMPPConnectionService.java:398) ander@saros-con.imp.fu-berlin.de/Saros new connection state == CONNECTED
DEBUG 2019-04-18 11:57:35,665 (DataTransferManager.java:467) used transport order for the current XMPP connection: [XMPP-Socks5-Transport, XMPP-IBB-Transport]
DEBUG 2019-04-18 11:57:35,667 (SkypeManager.java:289) Refreshing Skype username cache...
WARN  2019-04-18 11:57:44,995 (StunServiceImpl.java:420) received no response from STUN server stunserver.org/67.227.226.240:3478 at local address /192.168.1.34:0
DEBUG 2019-04-18 13:19:47,661 (SharedDocumentProvider.java:77) SharedDocumentProvider created by Eclipse
DEBUG 2019-04-18 19:08:18,027 (XMPPConnectionService.java:398) ander@saros-con.imp.fu-berlin.de/Saros new connection state == DISCONNECTING
DEBUG 2019-04-18 19:08:18,186 (XMPPConnectionService.java:398)  new connection state == NOT_CONNECTED
DEBUG 2019-04-18 19:08:18,187 (UPnPServiceImpl.java:295) deleting existing port mappings
