INFO  2019-04-21 12:57:10,561 (Saros.java:220) Starting Saros 14.10.31 running:
  Java Version: 1.8.0_201
  Java Vendor: Oracle Corporation
  Eclipse Runtime Version: 3.12.0.v20160606-1342
  Operating System: Windows 10 (10.0)
  Hardware Architecture: amd64
INFO  2019-04-21 12:57:10,660 (SarosContext.java:153) creating Saros runtime context...
DEBUG 2019-04-21 12:57:10,851 (XMPPAccountStore.java:117) loading accounts from file: C:\Users\ANDER\.saros\config.dat
DEBUG 2019-04-21 12:57:12,583 (XMPPAccountStore.java:176) loaded 1 account(s)
INFO  2019-04-21 12:57:13,132 (SarosContext.java:199) successfully created Saros runtime context
DEBUG 2019-04-21 12:57:13,213 (DataTransferManager.java:467) used transport order for the current XMPP connection: [XMPP-Socks5-Transport, XMPP-IBB-Transport]
INFO  2019-04-21 12:57:13,287 (PreferenceInitializer.java:50) initializing preference default values
DEBUG 2019-04-21 12:57:13,409 (SarosAnnotation.java:117) resetting annotation colors
DEBUG 2019-04-21 12:57:13,452 (Saros.java:430) skipping conversion of old XMPP accounts, because there are already new ones
DEBUG 2019-04-21 12:57:45,501 (SharedDocumentProvider.java:77) SharedDocumentProvider created by Eclipse
DEBUG 2019-04-21 12:58:06,483 (WhiteboardManager.java:194) WhiteboardManager instantiated
DEBUG 2019-04-21 12:58:06,512 (DocumentRecord.java:93) Added Node: attr(155584428650671746) name=svg
DEBUG 2019-04-21 12:58:07,619 (XMPPConnectionService.java:439) started Socks5 proxy on port: 7777 [listening on all interfaces]
DEBUG 2019-04-21 12:58:09,191 (XMPPConnectionService.java:459) using autodetected addresses: [192.168.8.105, fe80:0:0:0:708f:1a65:98e3:a1df%wlan0]
DEBUG 2019-04-21 12:58:09,315 (XMPPConnectionService.java:398)  new connection state == CONNECTING
DEBUG 2019-04-21 12:58:11,701 (XMPPConnectionService.java:398) ander@saros-con.imp.fu-berlin.de/Saros new connection state == CONNECTED
DEBUG 2019-04-21 12:58:11,701 (DataTransferManager.java:467) used transport order for the current XMPP connection: [XMPP-Socks5-Transport, XMPP-IBB-Transport]
DEBUG 2019-04-21 12:58:11,704 (SkypeManager.java:289) Refreshing Skype username cache...
WARN  2019-04-21 12:58:20,470 (StunServiceImpl.java:420) received no response from STUN server stunserver.org/67.227.226.240:3478 at local address /192.168.8.105:0
ERROR 2019-04-21 13:07:34,942 (XMPPConnectionService.java:101) XMPP connection error: 
java.net.SocketException: Software caused connection abort: recv failed
	at java.net.SocketInputStream.socketRead0(Native Method)
	at java.net.SocketInputStream.socketRead(Unknown Source)
	at java.net.SocketInputStream.read(Unknown Source)
	at java.net.SocketInputStream.read(Unknown Source)
	at sun.security.ssl.InputRecord.readFully(Unknown Source)
	at sun.security.ssl.InputRecord.read(Unknown Source)
	at sun.security.ssl.SSLSocketImpl.readRecord(Unknown Source)
	at sun.security.ssl.SSLSocketImpl.readDataRecord(Unknown Source)
	at sun.security.ssl.AppInputStream.read(Unknown Source)
	at sun.nio.cs.StreamDecoder.readBytes(Unknown Source)
	at sun.nio.cs.StreamDecoder.implRead(Unknown Source)
	at sun.nio.cs.StreamDecoder.read(Unknown Source)
	at java.io.InputStreamReader.read(Unknown Source)
	at java.io.BufferedReader.fill(Unknown Source)
	at java.io.BufferedReader.read1(Unknown Source)
	at java.io.BufferedReader.read(Unknown Source)
	at org.xmlpull.mxp1.MXParser.fillBuf(MXParser.java:2992)
	at org.xmlpull.mxp1.MXParser.more(MXParser.java:3046)
	at org.xmlpull.mxp1.MXParser.nextImpl(MXParser.java:1144)
	at org.xmlpull.mxp1.MXParser.next(MXParser.java:1093)
	at org.jivesoftware.smack.PacketReader.parsePackets(PacketReader.java:312)
	at org.jivesoftware.smack.PacketReader.access$000(PacketReader.java:48)
	at org.jivesoftware.smack.PacketReader$1.run(PacketReader.java:76)
ERROR 2019-04-21 13:07:34,953 (XMPPConnectionService.java:400)  new connection state == ERROR
java.net.SocketException: Software caused connection abort: recv failed
	at java.net.SocketInputStream.socketRead0(Native Method)
	at java.net.SocketInputStream.socketRead(Unknown Source)
	at java.net.SocketInputStream.read(Unknown Source)
	at java.net.SocketInputStream.read(Unknown Source)
	at sun.security.ssl.InputRecord.readFully(Unknown Source)
	at sun.security.ssl.InputRecord.read(Unknown Source)
	at sun.security.ssl.SSLSocketImpl.readRecord(Unknown Source)
	at sun.security.ssl.SSLSocketImpl.readDataRecord(Unknown Source)
	at sun.security.ssl.AppInputStream.read(Unknown Source)
	at sun.nio.cs.StreamDecoder.readBytes(Unknown Source)
	at sun.nio.cs.StreamDecoder.implRead(Unknown Source)
	at sun.nio.cs.StreamDecoder.read(Unknown Source)
	at java.io.InputStreamReader.read(Unknown Source)
	at java.io.BufferedReader.fill(Unknown Source)
	at java.io.BufferedReader.read1(Unknown Source)
	at java.io.BufferedReader.read(Unknown Source)
	at org.xmlpull.mxp1.MXParser.fillBuf(MXParser.java:2992)
	at org.xmlpull.mxp1.MXParser.more(MXParser.java:3046)
	at org.xmlpull.mxp1.MXParser.nextImpl(MXParser.java:1144)
	at org.xmlpull.mxp1.MXParser.next(MXParser.java:1093)
	at org.jivesoftware.smack.PacketReader.parsePackets(PacketReader.java:312)
	at org.jivesoftware.smack.PacketReader.access$000(PacketReader.java:48)
	at org.jivesoftware.smack.PacketReader$1.run(PacketReader.java:76)
DEBUG 2019-04-21 13:07:34,967 (XMPPConnectionService.java:398)  new connection state == NOT_CONNECTED
DEBUG 2019-04-21 14:46:55,329 (UPnPServiceImpl.java:295) deleting existing port mappings
